<?xml version="1.0" encoding="UTF-8"?>
<testsuite name="com.bit.test.SmokeTest" time="121.383" tests="2" errors="2" skipped="0" failures="0">
  <properties>
[...]
</properties>
  <testcase name="purchase" classname="com.bit.test.SmokeTest" time="60.691">
    <error message="Failed to connect to binary FirefoxBinary(/Applications/Firefox.app/Contents/MacOS/firefox-bin) on port 7056; process output follows: &#10;*** LOG addons.manager: Application has been upgraded&#10;*** LOG addons.xpi: startup&#10;*** LOG addons.xpi: Skipping unavailable install location app-system-share&#10;*** LOG addons.xpi: Ignoring file entry whose name is not a valid add-on ID: /var/folders/nv/lhxgdb8x6zn4qwqv_7_fqm7r0000gn/T/anonymous3236729418441612245webdriver-profile/extensions/webdriver-staging&#10;*** LOG addons.xpi: checkForChanges&#10;*** LOG addons.xpi: Directory state JSON differs: cache [] state [{&quot;name&quot;:&quot;app-global&quot;,&quot;addons&quot;:{&quot;{972ce4c6-7e08-4474-a285-3208198ce6fd}&quot;:{&quot;descriptor&quot;:&quot;/Applications/Firefox.app/Contents/MacOS/browser/extensions/{972ce4c6-7e08-4474-a285-3208198ce6fd}&quot;,&quot;mtime&quot;:1396060523000,&quot;rdfTime&quot;:1396060522000}}},{&quot;name&quot;:&quot;app-profile&quot;,&quot;addons&quot;:{&quot;fxdriver@googlecode.com&quot;:{&quot;descriptor&quot;:&quot;/var/folders/nv/lhxgdb8x6zn4qwqv_7_fqm7r0000gn/T/anonymous3236729418441612245webdriver-profile/extensions/fxdriver@googlecode.com&quot;,&quot;mtime&quot;:1398228899000,&quot;rdfTime&quot;:1398228899000}}}]&#10;*** LOG addons.xpi-utils: Opening XPI database /var/folders/nv/lhxgdb8x6zn4qwqv_7_fqm7r0000gn/T/anonymous3236729418441612245webdriver-profile/extensions.json&#10;*** LOG addons.xpi: New add-on fxdriver@googlecode.com installed in app-profile&#10;*** Blocklist::_loadBlocklistFromFile: blocklist is disabled&#10;*** LOG addons.xpi-utils: Make addon app-profile:fxdriver@googlecode.com visible&#10;*** LOG DeferredSave/extensions.json: Save changes&#10;*** LOG DeferredSave/extensions.json: Save changes&#10;*** LOG addons.xpi: New add-on {972ce4c6-7e08-4474-a285-3208198ce6fd} installed in app-global&#10;*** LOG addons.xpi-utils: Make addon app-global:{972ce4c6-7e08-4474-a285-3208198ce6fd} visible&#10;*** LOG DeferredSave/extensions.json: Save changes&#10;*** LOG DeferredSave/extensions.json: Save changes&#10;*** LOG addons.xpi: Updating database with changes to installed add-ons&#10;*** LOG addons.xpi-utils: Updating add-on states&#10;*** LOG addons.xpi-utils: Writing add-ons list&#10;*** LOG DeferredSave/extensions.json: Starting timer&#10;*** LOG DeferredSave/extensions.json: Starting write&#10;*** LOG DeferredSave/extensions.json: Write succeeded&#10;*** LOG addons.xpi-utils: XPI Database saved, setting schema version preference to 15&#10;*** LOG addons.manager: shutdown&#10;*** LOG addons.xpi: shutdown&#10;*** LOG addons.xpi-utils: shutdown&#10;*** LOG addons.xpi: Notifying XPI shutdown observers&#10;*** LOG addons.manager: Async provider shutdown done&#10;*** LOG addons.xpi: startup&#10;*** LOG addons.xpi: Skipping unavailable install location app-system-share&#10;*** LOG addons.xpi: Ignoring file entry whose name is not a valid add-on ID: /var/folders/nv/lhxgdb8x6zn4qwqv_7_fqm7r0000gn/T/anonymous3236729418441612245webdriver-profile/extensions/webdriver-staging&#10;*** LOG addons.xpi: checkForChanges&#10;*** LOG addons.xpi: No changes found&#10;*** Blocklist::_loadBlocklistFromFile: blocklist is disabled&#10;JavaScript error: chrome://browser/content/urlbarBindings.xml, line 648: aUrl is undefined&#10;&#10;Build info: version: &apos;2.37.1&apos;, revision: &apos;a7c61cbd68657e133ae96672cf995890bad2ee42&apos;, time: &apos;2013-10-21 09:08:07&apos;&#10;System info: host: &apos;Shahiduls-MacBook-Pro.local&apos;, ip: &apos;192.168.1.121&apos;, os.name: &apos;Mac OS X&apos;, os.arch: &apos;x86_64&apos;, os.version: &apos;10.8.5&apos;, java.version: &apos;1.7.0_40&apos;&#10;Driver info: driver.version: BrowserDriver" type="org.openqa.selenium.WebDriverException"><![CDATA[org.openqa.selenium.WebDriverException: Failed to connect to binary FirefoxBinary(/Applications/Firefox.app/Contents/MacOS/firefox-bin) on port 7056; process output follows: 
*** LOG addons.manager: Application has been upgraded
*** LOG addons.xpi: startup
*** LOG addons.xpi: Skipping unavailable install location app-system-share
*** LOG addons.xpi: Ignoring file entry whose name is not a valid add-on ID: /var/folders/nv/lhxgdb8x6zn4qwqv_7_fqm7r0000gn/T/anonymous3236729418441612245webdriver-profile/extensions/webdriver-staging
*** LOG addons.xpi: checkForChanges
*** LOG addons.xpi: Directory state JSON differs: cache [] state [{"name":"app-global","addons":{"{972ce4c6-7e08-4474-a285-3208198ce6fd}":{"descriptor":"/Applications/Firefox.app/Contents/MacOS/browser/extensions/{972ce4c6-7e08-4474-a285-3208198ce6fd}","mtime":1396060523000,"rdfTime":1396060522000}}},{"name":"app-profile","addons":{"fxdriver@googlecode.com":{"descriptor":"/var/folders/nv/lhxgdb8x6zn4qwqv_7_fqm7r0000gn/T/anonymous3236729418441612245webdriver-profile/extensions/fxdriver@googlecode.com","mtime":1398228899000,"rdfTime":1398228899000}}}]
*** LOG addons.xpi-utils: Opening XPI database /var/folders/nv/lhxgdb8x6zn4qwqv_7_fqm7r0000gn/T/anonymous3236729418441612245webdriver-profile/extensions.json
*** LOG addons.xpi: New add-on fxdriver@googlecode.com installed in app-profile
*** Blocklist::_loadBlocklistFromFile: blocklist is disabled
*** LOG addons.xpi-utils: Make addon app-profile:fxdriver@googlecode.com visible
*** LOG DeferredSave/extensions.json: Save changes
*** LOG DeferredSave/extensions.json: Save changes
*** LOG addons.xpi: New add-on {972ce4c6-7e08-4474-a285-3208198ce6fd} installed in app-global
*** LOG addons.xpi-utils: Make addon app-global:{972ce4c6-7e08-4474-a285-3208198ce6fd} visible
*** LOG DeferredSave/extensions.json: Save changes
*** LOG DeferredSave/extensions.json: Save changes
*** LOG addons.xpi: Updating database with changes to installed add-ons
*** LOG addons.xpi-utils: Updating add-on states
*** LOG addons.xpi-utils: Writing add-ons list
*** LOG DeferredSave/extensions.json: Starting timer
*** LOG DeferredSave/extensions.json: Starting write
*** LOG DeferredSave/extensions.json: Write succeeded
*** LOG addons.xpi-utils: XPI Database saved, setting schema version preference to 15
*** LOG addons.manager: shutdown
*** LOG addons.xpi: shutdown
*** LOG addons.xpi-utils: shutdown
*** LOG addons.xpi: Notifying XPI shutdown observers
*** LOG addons.manager: Async provider shutdown done
*** LOG addons.xpi: startup
*** LOG addons.xpi: Skipping unavailable install location app-system-share
*** LOG addons.xpi: Ignoring file entry whose name is not a valid add-on ID: /var/folders/nv/lhxgdb8x6zn4qwqv_7_fqm7r0000gn/T/anonymous3236729418441612245webdriver-profile/extensions/webdriver-staging
*** LOG addons.xpi: checkForChanges
*** LOG addons.xpi: No changes found
*** Blocklist::_loadBlocklistFromFile: blocklist is disabled
JavaScript error: chrome://browser/content/urlbarBindings.xml, line 648: aUrl is undefined

Build info: version: '2.37.1', revision: 'a7c61cbd68657e133ae96672cf995890bad2ee42', time: '2013-10-21 09:08:07'
System info: host: 'Shahiduls-MacBook-Pro.local', ip: '192.168.1.121', os.name: 'Mac OS X', os.arch: 'x86_64', os.version: '10.8.5', java.version: '1.7.0_40'
Driver info: driver.version: BrowserDriver
	at org.openqa.selenium.firefox.internal.NewProfileExtensionConnection.start(NewProfileExtensionConnection.java:120)
	at org.openqa.selenium.firefox.FirefoxDriver.startClient(FirefoxDriver.java:250)
	at org.openqa.selenium.remote.RemoteWebDriver.<init>(RemoteWebDriver.java:110)
	at org.openqa.selenium.firefox.FirefoxDriver.<init>(FirefoxDriver.java:195)
	at org.openqa.selenium.firefox.FirefoxDriver.<init>(FirefoxDriver.java:190)
	at org.openqa.selenium.firefox.FirefoxDriver.<init>(FirefoxDriver.java:186)
	at org.openqa.selenium.firefox.FirefoxDriver.<init>(FirefoxDriver.java:99)
	at com.bit.support.BrowserDriver.startBrowser(BrowserDriver.java:17)
	at com.bit.test.BaseTest.start(BaseTest.java:17)
	at sun.reflect.NativeMethodAccessorImpl.invoke0(Native Method)
	at sun.reflect.NativeMethodAccessorImpl.invoke(NativeMethodAccessorImpl.java:57)
	at sun.reflect.DelegatingMethodAccessorImpl.invoke(DelegatingMethodAccessorImpl.java:43)
	at java.lang.reflect.Method.invoke(Method.java:606)
	at org.junit.runners.model.FrameworkMethod$1.runReflectiveCall(FrameworkMethod.java:47)
	at org.junit.internal.runners.model.ReflectiveCallable.run(ReflectiveCallable.java:12)
	at org.junit.runners.model.FrameworkMethod.invokeExplosively(FrameworkMethod.java:44)
	at org.junit.internal.runners.statements.RunBefores.evaluate(RunBefores.java:24)
	at org.junit.internal.runners.statements.RunAfters.evaluate(RunAfters.java:27)
	at org.junit.runners.ParentRunner.runLeaf(ParentRunner.java:271)
	at org.junit.runners.BlockJUnit4ClassRunner.runChild(BlockJUnit4ClassRunner.java:70)
	at org.junit.runners.BlockJUnit4ClassRunner.runChild(BlockJUnit4ClassRunner.java:50)
	at org.junit.runners.ParentRunner$3.run(ParentRunner.java:238)
	at org.junit.runners.ParentRunner$1.schedule(ParentRunner.java:63)
	at org.junit.runners.ParentRunner.runChildren(ParentRunner.java:236)
	at org.junit.runners.ParentRunner.access$000(ParentRunner.java:53)
	at org.junit.runners.ParentRunner$2.evaluate(ParentRunner.java:229)
	at org.junit.runners.ParentRunner.run(ParentRunner.java:309)
	at org.apache.maven.surefire.junit4.JUnit4Provider.execute(JUnit4Provider.java:264)
	at org.apache.maven.surefire.junit4.JUnit4Provider.executeTestSet(JUnit4Provider.java:153)
	at org.apache.maven.surefire.junit4.JUnit4Provider.invoke(JUnit4Provider.java:124)
	at org.apache.maven.surefire.booter.ForkedBooter.invokeProviderInSameClassLoader(ForkedBooter.java:200)
	at org.apache.maven.surefire.booter.ForkedBooter.runSuitesInProcess(ForkedBooter.java:153)
	at org.apache.maven.surefire.booter.ForkedBooter.main(ForkedBooter.java:103)
Caused by: org.openqa.selenium.firefox.NotConnectedException: Unable to connect to host 127.0.0.1 on port 7056 after 45000 ms. Firefox console output:
*** LOG addons.manager: Application has been upgraded
*** LOG addons.xpi: startup
*** LOG addons.xpi: Skipping unavailable install location app-system-share
*** LOG addons.xpi: Ignoring file entry whose name is not a valid add-on ID: /var/folders/nv/lhxgdb8x6zn4qwqv_7_fqm7r0000gn/T/anonymous3236729418441612245webdriver-profile/extensions/webdriver-staging
*** LOG addons.xpi: checkForChanges
*** LOG addons.xpi: Directory state JSON differs: cache [] state [{"name":"app-global","addons":{"{972ce4c6-7e08-4474-a285-3208198ce6fd}":{"descriptor":"/Applications/Firefox.app/Contents/MacOS/browser/extensions/{972ce4c6-7e08-4474-a285-3208198ce6fd}","mtime":1396060523000,"rdfTime":1396060522000}}},{"name":"app-profile","addons":{"fxdriver@googlecode.com":{"descriptor":"/var/folders/nv/lhxgdb8x6zn4qwqv_7_fqm7r0000gn/T/anonymous3236729418441612245webdriver-profile/extensions/fxdriver@googlecode.com","mtime":1398228899000,"rdfTime":1398228899000}}}]
*** LOG addons.xpi-utils: Opening XPI database /var/folders/nv/lhxgdb8x6zn4qwqv_7_fqm7r0000gn/T/anonymous3236729418441612245webdriver-profile/extensions.json
*** LOG addons.xpi: New add-on fxdriver@googlecode.com installed in app-profile
*** Blocklist::_loadBlocklistFromFile: blocklist is disabled
*** LOG addons.xpi-utils: Make addon app-profile:fxdriver@googlecode.com visible
*** LOG DeferredSave/extensions.json: Save changes
*** LOG DeferredSave/extensions.json: Save changes
*** LOG addons.xpi: New add-on {972ce4c6-7e08-4474-a285-3208198ce6fd} installed in app-global
*** LOG addons.xpi-utils: Make addon app-global:{972ce4c6-7e08-4474-a285-3208198ce6fd} visible
*** LOG DeferredSave/extensions.json: Save changes
*** LOG DeferredSave/extensions.json: Save changes
*** LOG addons.xpi: Updating database with changes to installed add-ons
*** LOG addons.xpi-utils: Updating add-on states
*** LOG addons.xpi-utils: Writing add-ons list
*** LOG DeferredSave/extensions.json: Starting timer
*** LOG DeferredSave/extensions.json: Starting write
*** LOG DeferredSave/extensions.json: Write succeeded
*** LOG addons.xpi-utils: XPI Database saved, setting schema version preference to 15
*** LOG addons.manager: shutdown
*** LOG addons.xpi: shutdown
*** LOG addons.xpi-utils: shutdown
*** LOG addons.xpi: Notifying XPI shutdown observers
*** LOG addons.manager: Async provider shutdown done
*** LOG addons.xpi: startup
*** LOG addons.xpi: Skipping unavailable install location app-system-share
*** LOG addons.xpi: Ignoring file entry whose name is not a valid add-on ID: /var/folders/nv/lhxgdb8x6zn4qwqv_7_fqm7r0000gn/T/anonymous3236729418441612245webdriver-profile/extensions/webdriver-staging
*** LOG addons.xpi: checkForChanges
*** LOG addons.xpi: No changes found
*** Blocklist::_loadBlocklistFromFile: blocklist is disabled
JavaScript error: chrome://browser/content/urlbarBindings.xml, line 648: aUrl is undefined

	at org.openqa.selenium.firefox.internal.NewProfileExtensionConnection.start(NewProfileExtensionConnection.java:108)
	at org.openqa.selenium.firefox.FirefoxDriver.startClient(FirefoxDriver.java:250)
	at org.openqa.selenium.remote.RemoteWebDriver.<init>(RemoteWebDriver.java:110)
	at org.openqa.selenium.firefox.FirefoxDriver.<init>(FirefoxDriver.java:195)
	at org.openqa.selenium.firefox.FirefoxDriver.<init>(FirefoxDriver.java:190)
	at org.openqa.selenium.firefox.FirefoxDriver.<init>(FirefoxDriver.java:186)
	at org.openqa.selenium.firefox.FirefoxDriver.<init>(FirefoxDriver.java:99)
	at com.bit.support.BrowserDriver.startBrowser(BrowserDriver.java:17)
	at com.bit.test.BaseTest.start(BaseTest.java:17)
	at sun.reflect.NativeMethodAccessorImpl.invoke0(Native Method)
	at sun.reflect.NativeMethodAccessorImpl.invoke(NativeMethodAccessorImpl.java:57)
	at sun.reflect.DelegatingMethodAccessorImpl.invoke(DelegatingMethodAccessorImpl.java:43)
	at java.lang.reflect.Method.invoke(Method.java:606)
	at org.junit.runners.model.FrameworkMethod$1.runReflectiveCall(FrameworkMethod.java:47)
	at org.junit.internal.runners.model.ReflectiveCallable.run(ReflectiveCallable.java:12)
	at org.junit.runners.model.FrameworkMethod.invokeExplosively(FrameworkMethod.java:44)
	at org.junit.internal.runners.statements.RunBefores.evaluate(RunBefores.java:24)
	at org.junit.internal.runners.statements.RunAfters.evaluate(RunAfters.java:27)
	at org.junit.runners.ParentRunner.runLeaf(ParentRunner.java:271)
	at org.junit.runners.BlockJUnit4ClassRunner.runChild(BlockJUnit4ClassRunner.java:70)
	at org.junit.runners.BlockJUnit4ClassRunner.runChild(BlockJUnit4ClassRunner.java:50)
	at org.junit.runners.ParentRunner$3.run(ParentRunner.java:238)
	at org.junit.runners.ParentRunner$1.schedule(ParentRunner.java:63)
	at org.junit.runners.ParentRunner.runChildren(ParentRunner.java:236)
	at org.junit.runners.ParentRunner.access$000(ParentRunner.java:53)
	at org.junit.runners.ParentRunner$2.evaluate(ParentRunner.java:229)
	at org.junit.runners.ParentRunner.run(ParentRunner.java:309)
	at org.apache.maven.surefire.junit4.JUnit4Provider.execute(JUnit4Provider.java:264)
	at org.apache.maven.surefire.junit4.JUnit4Provider.executeTestSet(JUnit4Provider.java:153)
	at org.apache.maven.surefire.junit4.JUnit4Provider.invoke(JUnit4Provider.java:124)
	at org.apache.maven.surefire.booter.ForkedBooter.invokeProviderInSameClassLoader(ForkedBooter.java:200)
	at org.apache.maven.surefire.booter.ForkedBooter.runSuitesInProcess(ForkedBooter.java:153)
	at org.apache.maven.surefire.booter.ForkedBooter.main(ForkedBooter.java:103)
]]></error>
    <system-err><![CDATA[org.openqa.selenium.firefox.NotConnectedException: Unable to connect to host 127.0.0.1 on port 7056 after 45000 ms. Firefox console output:
*** LOG addons.manager: Application has been upgraded
*** LOG addons.xpi: startup
*** LOG addons.xpi: Skipping unavailable install location app-system-share
*** LOG addons.xpi: Ignoring file entry whose name is not a valid add-on ID: /var/folders/nv/lhxgdb8x6zn4qwqv_7_fqm7r0000gn/T/anonymous3236729418441612245webdriver-profile/extensions/webdriver-staging
*** LOG addons.xpi: checkForChanges
*** LOG addons.xpi: Directory state JSON differs: cache [] state [{"name":"app-global","addons":{"{972ce4c6-7e08-4474-a285-3208198ce6fd}":{"descriptor":"/Applications/Firefox.app/Contents/MacOS/browser/extensions/{972ce4c6-7e08-4474-a285-3208198ce6fd}","mtime":1396060523000,"rdfTime":1396060522000}}},{"name":"app-profile","addons":{"fxdriver@googlecode.com":{"descriptor":"/var/folders/nv/lhxgdb8x6zn4qwqv_7_fqm7r0000gn/T/anonymous3236729418441612245webdriver-profile/extensions/fxdriver@googlecode.com","mtime":1398228899000,"rdfTime":1398228899000}}}]
*** LOG addons.xpi-utils: Opening XPI database /var/folders/nv/lhxgdb8x6zn4qwqv_7_fqm7r0000gn/T/anonymous3236729418441612245webdriver-profile/extensions.json
*** LOG addons.xpi: New add-on fxdriver@googlecode.com installed in app-profile
*** Blocklist::_loadBlocklistFromFile: blocklist is disabled
*** LOG addons.xpi-utils: Make addon app-profile:fxdriver@googlecode.com visible
*** LOG DeferredSave/extensions.json: Save changes
*** LOG DeferredSave/extensions.json: Save changes
*** LOG addons.xpi: New add-on {972ce4c6-7e08-4474-a285-3208198ce6fd} installed in app-global
*** LOG addons.xpi-utils: Make addon app-global:{972ce4c6-7e08-4474-a285-3208198ce6fd} visible
*** LOG DeferredSave/extensions.json: Save changes
*** LOG DeferredSave/extensions.json: Save changes
*** LOG addons.xpi: Updating database with changes to installed add-ons
*** LOG addons.xpi-utils: Updating add-on states
*** LOG addons.xpi-utils: Writing add-ons list
*** LOG DeferredSave/extensions.json: Starting timer
*** LOG DeferredSave/extensions.json: Starting write
*** LOG DeferredSave/extensions.json: Write succeeded
*** LOG addons.xpi-utils: XPI Database saved, setting schema version preference to 15
*** LOG addons.manager: shutdown
*** LOG addons.xpi: shutdown
*** LOG addons.xpi-utils: shutdown
*** LOG addons.xpi: Notifying XPI shutdown observers
*** LOG addons.manager: Async provider shutdown done
*** LOG addons.xpi: startup
*** LOG addons.xpi: Skipping unavailable install location app-system-share
*** LOG addons.xpi: Ignoring file entry whose name is not a valid add-on ID: /var/folders/nv/lhxgdb8x6zn4qwqv_7_fqm7r0000gn/T/anonymous3236729418441612245webdriver-profile/extensions/webdriver-staging
*** LOG addons.xpi: checkForChanges
*** LOG addons.xpi: No changes found
*** Blocklist::_loadBlocklistFromFile: blocklist is disabled
JavaScript error: chrome://browser/content/urlbarBindings.xml, line 648: aUrl is undefined

	at org.openqa.selenium.firefox.internal.NewProfileExtensionConnection.start(NewProfileExtensionConnection.java:108)
	at org.openqa.selenium.firefox.FirefoxDriver.startClient(FirefoxDriver.java:250)
	at org.openqa.selenium.remote.RemoteWebDriver.<init>(RemoteWebDriver.java:110)
	at org.openqa.selenium.firefox.FirefoxDriver.<init>(FirefoxDriver.java:195)
	at org.openqa.selenium.firefox.FirefoxDriver.<init>(FirefoxDriver.java:190)
	at org.openqa.selenium.firefox.FirefoxDriver.<init>(FirefoxDriver.java:186)
	at org.openqa.selenium.firefox.FirefoxDriver.<init>(FirefoxDriver.java:99)
	at com.bit.support.BrowserDriver.startBrowser(BrowserDriver.java:17)
	at com.bit.test.BaseTest.start(BaseTest.java:17)
	at sun.reflect.NativeMethodAccessorImpl.invoke0(Native Method)
	at sun.reflect.NativeMethodAccessorImpl.invoke(NativeMethodAccessorImpl.java:57)
	at sun.reflect.DelegatingMethodAccessorImpl.invoke(DelegatingMethodAccessorImpl.java:43)
	at java.lang.reflect.Method.invoke(Method.java:606)
	at org.junit.runners.model.FrameworkMethod$1.runReflectiveCall(FrameworkMethod.java:47)
	at org.junit.internal.runners.model.ReflectiveCallable.run(ReflectiveCallable.java:12)
	at org.junit.runners.model.FrameworkMethod.invokeExplosively(FrameworkMethod.java:44)
	at org.junit.internal.runners.statements.RunBefores.evaluate(RunBefores.java:24)
	at org.junit.internal.runners.statements.RunAfters.evaluate(RunAfters.java:27)
	at org.junit.runners.ParentRunner.runLeaf(ParentRunner.java:271)
	at org.junit.runners.BlockJUnit4ClassRunner.runChild(BlockJUnit4ClassRunner.java:70)
	at org.junit.runners.BlockJUnit4ClassRunner.runChild(BlockJUnit4ClassRunner.java:50)
	at org.junit.runners.ParentRunner$3.run(ParentRunner.java:238)
	at org.junit.runners.ParentRunner$1.schedule(ParentRunner.java:63)
	at org.junit.runners.ParentRunner.runChildren(ParentRunner.java:236)
	at org.junit.runners.ParentRunner.access$000(ParentRunner.java:53)
	at org.junit.runners.ParentRunner$2.evaluate(ParentRunner.java:229)
	at org.junit.runners.ParentRunner.run(ParentRunner.java:309)
	at org.apache.maven.surefire.junit4.JUnit4Provider.execute(JUnit4Provider.java:264)
	at org.apache.maven.surefire.junit4.JUnit4Provider.executeTestSet(JUnit4Provider.java:153)
	at org.apache.maven.surefire.junit4.JUnit4Provider.invoke(JUnit4Provider.java:124)
	at org.apache.maven.surefire.booter.ForkedBooter.invokeProviderInSameClassLoader(ForkedBooter.java:200)
	at org.apache.maven.surefire.booter.ForkedBooter.runSuitesInProcess(ForkedBooter.java:153)
	at org.apache.maven.surefire.booter.ForkedBooter.main(ForkedBooter.java:103)
]]></system-err>
  </testcase>
  <testcase name="purchase" classname="com.bit.test.SmokeTest" time="60.692">
    <error type="java.lang.NullPointerException:">java.lang.NullPointerException: null
	at com.bit.support.BrowserDriver.end(BrowserDriver.java:35)
	at com.bit.test.BaseTest.end(BaseTest.java:23)
	at sun.reflect.NativeMethodAccessorImpl.invoke0(Native Method)
	at sun.reflect.NativeMethodAccessorImpl.invoke(NativeMethodAccessorImpl.java:57)
	at sun.reflect.DelegatingMethodAccessorImpl.invoke(DelegatingMethodAccessorImpl.java:43)
	at java.lang.reflect.Method.invoke(Method.java:606)
	at org.junit.runners.model.FrameworkMethod$1.runReflectiveCall(FrameworkMethod.java:47)
	at org.junit.internal.runners.model.ReflectiveCallable.run(ReflectiveCallable.java:12)
	at org.junit.runners.model.FrameworkMethod.invokeExplosively(FrameworkMethod.java:44)
	at org.junit.internal.runners.statements.RunAfters.evaluate(RunAfters.java:33)
	at org.junit.runners.ParentRunner.runLeaf(ParentRunner.java:271)
	at org.junit.runners.BlockJUnit4ClassRunner.runChild(BlockJUnit4ClassRunner.java:70)
	at org.junit.runners.BlockJUnit4ClassRunner.runChild(BlockJUnit4ClassRunner.java:50)
	at org.junit.runners.ParentRunner$3.run(ParentRunner.java:238)
	at org.junit.runners.ParentRunner$1.schedule(ParentRunner.java:63)
	at org.junit.runners.ParentRunner.runChildren(ParentRunner.java:236)
	at org.junit.runners.ParentRunner.access$000(ParentRunner.java:53)
	at org.junit.runners.ParentRunner$2.evaluate(ParentRunner.java:229)
	at org.junit.runners.ParentRunner.run(ParentRunner.java:309)
	at org.apache.maven.surefire.junit4.JUnit4Provider.execute(JUnit4Provider.java:264)
	at org.apache.maven.surefire.junit4.JUnit4Provider.executeTestSet(JUnit4Provider.java:153)
	at org.apache.maven.surefire.junit4.JUnit4Provider.invoke(JUnit4Provider.java:124)
	at org.apache.maven.surefire.booter.ForkedBooter.invokeProviderInSameClassLoader(ForkedBooter.java:200)
	at org.apache.maven.surefire.booter.ForkedBooter.runSuitesInProcess(ForkedBooter.java:153)
	at org.apache.maven.surefire.booter.ForkedBooter.main(ForkedBooter.java:103)
</error>
  </testcase>
</testsuite>