<?xml version="1.0" encoding="UTF-8"?>
<testng-results skipped="1" failed="0" total="5" passed="4">
  <reporter-output>
  </reporter-output>
  <suite name="Default suite" duration-ms="39" started-at="2014-04-24T05:13:01Z" finished-at="2014-04-24T05:13:01Z">
    <groups>
    </groups>
    <test name="Default test" duration-ms="39" started-at="2014-04-24T05:13:01Z" finished-at="2014-04-24T05:13:01Z">
      <class name="DemoTestNG">
        <test-method status="PASS" signature="strat()[pri:0, instance:DemoTestNG@2afe6d5f]" name="strat" is-config="true" duration-ms="8" started-at="2014-04-24T01:13:01Z" finished-at="2014-04-24T01:13:01Z">
          <reporter-output>
          </reporter-output>
        </test-method> <!-- strat -->
        <test-method status="PASS" signature="login()[pri:0, instance:DemoTestNG@2afe6d5f]" name="login" duration-ms="6" started-at="2014-04-24T01:13:01Z" finished-at="2014-04-24T01:13:01Z">
          <reporter-output>
          </reporter-output>
        </test-method> <!-- login -->
        <test-method status="PASS" signature="multiDataSet(java.lang.String, java.lang.String, java.lang.String, java.lang.String)[pri:0, instance:DemoTestNG@2afe6d5f]" name="multiDataSet" duration-ms="1" started-at="2014-04-24T01:13:01Z" data-provider="getData" finished-at="2014-04-24T01:13:01Z">
          <params>
            <param index="0">
              <value>
                <![CDATA[shahid]]>
              </value>
            </param>
            <param index="1">
              <value>
                <![CDATA[dhaka]]>
              </value>
            </param>
            <param index="2">
              <value>
                <![CDATA[ny]]>
              </value>
            </param>
            <param index="3">
              <value>
                <![CDATA[jfk]]>
              </value>
            </param>
          </params>
          <reporter-output>
          </reporter-output>
        </test-method> <!-- multiDataSet -->
        <test-method status="PASS" signature="multiDataSet(java.lang.String, java.lang.String, java.lang.String, java.lang.String)[pri:0, instance:DemoTestNG@2afe6d5f]" name="multiDataSet" duration-ms="1" started-at="2014-04-24T01:13:01Z" data-provider="getData" finished-at="2014-04-24T01:13:01Z">
          <params>
            <param index="0">
              <value>
                <![CDATA[asad]]>
              </value>
            </param>
            <param index="1">
              <value>
                <![CDATA[sylhet]]>
              </value>
            </param>
            <param index="2">
              <value>
                <![CDATA[nj]]>
              </value>
            </param>
            <param index="3">
              <value>
                <![CDATA[lagudia]]>
              </value>
            </param>
          </params>
          <reporter-output>
          </reporter-output>
        </test-method> <!-- multiDataSet -->
        <test-method status="SKIP" signature="password()[pri:0, instance:DemoTestNG@2afe6d5f]" name="password" duration-ms="1" started-at="2014-04-24T01:13:01Z" finished-at="2014-04-24T01:13:01Z">
          <exception class="org.testng.SkipException">
            <message>
              <![CDATA[to skip any tesyt]]>
            </message>
            <full-stacktrace>
              <![CDATA[org.testng.SkipException: to skip any tesyt
	at DemoTestNG.password(DemoTestNG.java:56)
	at sun.reflect.NativeMethodAccessorImpl.invoke0(Native Method)
	at sun.reflect.NativeMethodAccessorImpl.invoke(NativeMethodAccessorImpl.java:57)
	at sun.reflect.DelegatingMethodAccessorImpl.invoke(DelegatingMethodAccessorImpl.java:43)
	at java.lang.reflect.Method.invoke(Method.java:606)
	at org.testng.internal.MethodInvocationHelper.invokeMethod(MethodInvocationHelper.java:84)
	at org.testng.internal.Invoker.invokeMethod(Invoker.java:714)
	at org.testng.internal.Invoker.invokeTestMethod(Invoker.java:901)
	at org.testng.internal.Invoker.invokeTestMethods(Invoker.java:1231)
	at org.testng.internal.TestMethodWorker.invokeTestMethods(TestMethodWorker.java:127)
	at org.testng.internal.TestMethodWorker.run(TestMethodWorker.java:111)
	at org.testng.TestRunner.privateRun(TestRunner.java:767)
	at org.testng.TestRunner.run(TestRunner.java:617)
	at org.testng.SuiteRunner.runTest(SuiteRunner.java:334)
	at org.testng.SuiteRunner.runSequentially(SuiteRunner.java:329)
	at org.testng.SuiteRunner.privateRun(SuiteRunner.java:291)
	at org.testng.SuiteRunner.run(SuiteRunner.java:240)
	at org.testng.SuiteRunnerWorker.runSuite(SuiteRunnerWorker.java:52)
	at org.testng.SuiteRunnerWorker.run(SuiteRunnerWorker.java:86)
	at org.testng.TestNG.runSuitesSequentially(TestNG.java:1224)
	at org.testng.TestNG.runSuitesLocally(TestNG.java:1149)
	at org.testng.TestNG.run(TestNG.java:1057)
	at org.testng.remote.RemoteTestNG.run(RemoteTestNG.java:111)
	at org.testng.remote.RemoteTestNG.initAndRun(RemoteTestNG.java:204)
	at org.testng.remote.RemoteTestNG.main(RemoteTestNG.java:175)
]]>
            </full-stacktrace>
          </exception> <!-- org.testng.SkipException -->
          <reporter-output>
          </reporter-output>
        </test-method> <!-- password -->
        <test-method status="PASS" signature="sendMail()[pri:0, instance:DemoTestNG@2afe6d5f]" name="sendMail" duration-ms="1" started-at="2014-04-24T01:13:01Z" depends-on-methods="DemoTestNG.login" finished-at="2014-04-24T01:13:01Z">
          <reporter-output>
          </reporter-output>
        </test-method> <!-- sendMail -->
        <test-method status="PASS" signature="end()[pri:0, instance:DemoTestNG@2afe6d5f]" name="end" is-config="true" duration-ms="0" started-at="2014-04-24T01:13:01Z" finished-at="2014-04-24T01:13:01Z">
          <reporter-output>
          </reporter-output>
        </test-method> <!-- end -->
      </class> <!-- DemoTestNG -->
    </test> <!-- Default test -->
  </suite> <!-- Default suite -->
</testng-results>
