<?xml version="1.0" encoding="UTF-8" ?>
<testsuite failures="6" time="73.126" errors="0" skipped="0" tests="6" name="TestSuite">
  <properties>
[...]
</properties>
  <testcase time="25.454" classname="com.cs.ui.test.CoreStoreSmokeTest" name="buyTicketsAsNewCustomerWithSameAddressByPaypal">
    <failure message="Window not found. The browser window may have been closed.
Command duration or timeout: 10 milliseconds
Build info: version: &apos;2.37.1&apos;, revision: &apos;a7c61cbd68657e133ae96672cf995890bad2ee42&apos;, time: &apos;2013-10-21 09:08:07&apos;
System info: host: &apos;Shahiduls-MacBook-Pro.local&apos;, ip: &apos;192.168.1.2&apos;, os.name: &apos;Mac OS X&apos;, os.arch: &apos;x86_64&apos;, os.version: &apos;10.8.5&apos;, java.version: &apos;1.7.0_40&apos;
Session ID: 0b5f9c90-f9cb-6a46-8b07-9e99dd1f0f5c
Driver info: org.openqa.selenium.firefox.FirefoxDriver
Capabilities [{platform=MAC, databaseEnabled=true, cssSelectorsEnabled=true, javascriptEnabled=true, acceptSslCerts=true, handlesAlerts=true, browserName=firefox, browserConnectionEnabled=true, nativeEvents=false, webStorageEnabled=true, rotatable=false, locationContextEnabled=true, applicationCacheEnabled=true, takesScreenshot=true, version=25.0.1}]" type="org.openqa.selenium.NoSuchWindowException">org.openqa.selenium.NoSuchWindowException: Window not found. The browser window may have been closed.
Command duration or timeout: 10 milliseconds
Build info: version: &apos;2.37.1&apos;, revision: &apos;a7c61cbd68657e133ae96672cf995890bad2ee42&apos;, time: &apos;2013-10-21 09:08:07&apos;
System info: host: &apos;Shahiduls-MacBook-Pro.local&apos;, ip: &apos;192.168.1.2&apos;, os.name: &apos;Mac OS X&apos;, os.arch: &apos;x86_64&apos;, os.version: &apos;10.8.5&apos;, java.version: &apos;1.7.0_40&apos;
Session ID: 0b5f9c90-f9cb-6a46-8b07-9e99dd1f0f5c
Driver info: org.openqa.selenium.firefox.FirefoxDriver
Capabilities [{platform=MAC, databaseEnabled=true, cssSelectorsEnabled=true, javascriptEnabled=true, acceptSslCerts=true, handlesAlerts=true, browserName=firefox, browserConnectionEnabled=true, nativeEvents=false, webStorageEnabled=true, rotatable=false, locationContextEnabled=true, applicationCacheEnabled=true, takesScreenshot=true, version=25.0.1}]
	at sun.reflect.NativeConstructorAccessorImpl.newInstance0(Native Method)
	at sun.reflect.NativeConstructorAccessorImpl.newInstance(NativeConstructorAccessorImpl.java:57)
	at sun.reflect.DelegatingConstructorAccessorImpl.newInstance(DelegatingConstructorAccessorImpl.java:45)
	at java.lang.reflect.Constructor.newInstance(Constructor.java:526)
	at org.openqa.selenium.remote.ErrorHandler.createThrowable(ErrorHandler.java:193)
	at org.openqa.selenium.remote.ErrorHandler.throwIfResponseFailed(ErrorHandler.java:145)
	at org.openqa.selenium.remote.RemoteWebDriver.execute(RemoteWebDriver.java:554)
	at org.openqa.selenium.remote.RemoteWebDriver.findElements(RemoteWebDriver.java:332)
	at org.openqa.selenium.remote.RemoteWebDriver.findElementsByXPath(RemoteWebDriver.java:408)
	at org.openqa.selenium.By$ByXPath.findElements(By.java:358)
	at org.openqa.selenium.remote.RemoteWebDriver.findElements(RemoteWebDriver.java:295)
	at com.cs.ui.test.Common.verifyElementPresent(Common.java:144)
	at com.cs.ui.test.CoreStoreSmokeTest.buyTicketsAsNewCustomerWithSameAddressByPaypal(CoreStoreSmokeTest.java:16)
Caused by: org.openqa.selenium.remote.ErrorHandler$UnknownServerException: Window not found. The browser window may have been closed.
Build info: version: &apos;2.37.1&apos;, revision: &apos;a7c61cbd68657e133ae96672cf995890bad2ee42&apos;, time: &apos;2013-10-21 09:08:07&apos;
System info: host: &apos;Shahiduls-MacBook-Pro.local&apos;, ip: &apos;192.168.1.2&apos;, os.name: &apos;Mac OS X&apos;, os.arch: &apos;x86_64&apos;, os.version: &apos;10.8.5&apos;, java.version: &apos;1.7.0_40&apos;
Driver info: driver.version: unknown
	at &lt;anonymous class&gt;.nsCommandProcessor.prototype.execute(file:///var/folders/nv/lhxgdb8x6zn4qwqv_7_fqm7r0000gn/T/anonymous5311186019541655115webdriver-profile/extensions/fxdriver@googlecode.com/components/command_processor.js:10917)
	at &lt;anonymous class&gt;.Dispatcher.executeAs/&lt;(file:///var/folders/nv/lhxgdb8x6zn4qwqv_7_fqm7r0000gn/T/anonymous5311186019541655115webdriver-profile/extensions/fxdriver@googlecode.com/components/driver_component.js:7722)
	at &lt;anonymous class&gt;.Resource.prototype.handle(file:///var/folders/nv/lhxgdb8x6zn4qwqv_7_fqm7r0000gn/T/anonymous5311186019541655115webdriver-profile/extensions/fxdriver@googlecode.com/components/driver_component.js:7868)
	at &lt;anonymous class&gt;.Dispatcher.prototype.dispatch(file:///var/folders/nv/lhxgdb8x6zn4qwqv_7_fqm7r0000gn/T/anonymous5311186019541655115webdriver-profile/extensions/fxdriver@googlecode.com/components/driver_component.js:7815)
	at &lt;anonymous class&gt;.WebDriverServer/&lt;.handle(file:///var/folders/nv/lhxgdb8x6zn4qwqv_7_fqm7r0000gn/T/anonymous5311186019541655115webdriver-profile/extensions/fxdriver@googlecode.com/components/driver_component.js:10706)
	at &lt;anonymous class&gt;.createHandlerFunc/&lt;(file:///var/folders/nv/lhxgdb8x6zn4qwqv_7_fqm7r0000gn/T/anonymous5311186019541655115webdriver-profile/extensions/fxdriver@googlecode.com/components/httpd.js:1935)
	at &lt;anonymous class&gt;.ServerHandler.prototype.handleResponse(file:///var/folders/nv/lhxgdb8x6zn4qwqv_7_fqm7r0000gn/T/anonymous5311186019541655115webdriver-profile/extensions/fxdriver@googlecode.com/components/httpd.js:2261)
	at &lt;anonymous class&gt;.Connection.prototype.process(file:///var/folders/nv/lhxgdb8x6zn4qwqv_7_fqm7r0000gn/T/anonymous5311186019541655115webdriver-profile/extensions/fxdriver@googlecode.com/components/httpd.js:1168)
	at &lt;anonymous class&gt;.RequestReader.prototype._handleResponse(file:///var/folders/nv/lhxgdb8x6zn4qwqv_7_fqm7r0000gn/T/anonymous5311186019541655115webdriver-profile/extensions/fxdriver@googlecode.com/components/httpd.js:1616)
	at &lt;anonymous class&gt;.RequestReader.prototype._processBody(file:///var/folders/nv/lhxgdb8x6zn4qwqv_7_fqm7r0000gn/T/anonymous5311186019541655115webdriver-profile/extensions/fxdriver@googlecode.com/components/httpd.js:1464)
	at &lt;anonymous class&gt;.RequestReader.prototype.onInputStreamReady(file:///var/folders/nv/lhxgdb8x6zn4qwqv_7_fqm7r0000gn/T/anonymous5311186019541655115webdriver-profile/extensions/fxdriver@googlecode.com/components/httpd.js:1333)
</failure>
    <system-out>&apos;buyTicketsAsNewCustomerWithSameAddressByPaypal&apos; method strted
Upsell Continue button not found
First name textbox not found
Last name textbox not found
Country box can not be selected
Phone textbox not found
Email textbox not found
Confirm email textbox not found
Password textbox not found
Confirm Password textbox not found
Mailing List checkbox not found
Sign Up button not found
</system-out>
  </testcase>
  <testcase time="6.009" classname="com.cs.ui.test.CoreStoreSmokeTest" name="buyTicketsAsNewCustomerWithDifferentAddressByPaypal">
    <failure message="Window not found. The browser window may have been closed.
Command duration or timeout: 12 milliseconds
Build info: version: &apos;2.37.1&apos;, revision: &apos;a7c61cbd68657e133ae96672cf995890bad2ee42&apos;, time: &apos;2013-10-21 09:08:07&apos;
System info: host: &apos;Shahiduls-MacBook-Pro.local&apos;, ip: &apos;192.168.1.2&apos;, os.name: &apos;Mac OS X&apos;, os.arch: &apos;x86_64&apos;, os.version: &apos;10.8.5&apos;, java.version: &apos;1.7.0_40&apos;
Session ID: 0b5f9c90-f9cb-6a46-8b07-9e99dd1f0f5c
Driver info: org.openqa.selenium.firefox.FirefoxDriver
Capabilities [{platform=MAC, databaseEnabled=true, cssSelectorsEnabled=true, javascriptEnabled=true, acceptSslCerts=true, handlesAlerts=true, browserName=firefox, browserConnectionEnabled=true, nativeEvents=false, webStorageEnabled=true, rotatable=false, locationContextEnabled=true, applicationCacheEnabled=true, takesScreenshot=true, version=25.0.1}]" type="org.openqa.selenium.NoSuchWindowException">org.openqa.selenium.NoSuchWindowException: Window not found. The browser window may have been closed.
Command duration or timeout: 12 milliseconds
Build info: version: &apos;2.37.1&apos;, revision: &apos;a7c61cbd68657e133ae96672cf995890bad2ee42&apos;, time: &apos;2013-10-21 09:08:07&apos;
System info: host: &apos;Shahiduls-MacBook-Pro.local&apos;, ip: &apos;192.168.1.2&apos;, os.name: &apos;Mac OS X&apos;, os.arch: &apos;x86_64&apos;, os.version: &apos;10.8.5&apos;, java.version: &apos;1.7.0_40&apos;
Session ID: 0b5f9c90-f9cb-6a46-8b07-9e99dd1f0f5c
Driver info: org.openqa.selenium.firefox.FirefoxDriver
Capabilities [{platform=MAC, databaseEnabled=true, cssSelectorsEnabled=true, javascriptEnabled=true, acceptSslCerts=true, handlesAlerts=true, browserName=firefox, browserConnectionEnabled=true, nativeEvents=false, webStorageEnabled=true, rotatable=false, locationContextEnabled=true, applicationCacheEnabled=true, takesScreenshot=true, version=25.0.1}]
	at sun.reflect.NativeConstructorAccessorImpl.newInstance0(Native Method)
	at sun.reflect.NativeConstructorAccessorImpl.newInstance(NativeConstructorAccessorImpl.java:57)
	at sun.reflect.DelegatingConstructorAccessorImpl.newInstance(DelegatingConstructorAccessorImpl.java:45)
	at java.lang.reflect.Constructor.newInstance(Constructor.java:526)
	at org.openqa.selenium.remote.ErrorHandler.createThrowable(ErrorHandler.java:193)
	at org.openqa.selenium.remote.ErrorHandler.throwIfResponseFailed(ErrorHandler.java:145)
	at org.openqa.selenium.remote.RemoteWebDriver.execute(RemoteWebDriver.java:554)
	at org.openqa.selenium.remote.RemoteWebDriver.findElement(RemoteWebDriver.java:307)
	at org.openqa.selenium.remote.RemoteWebDriver.findElementByName(RemoteWebDriver.java:380)
	at org.openqa.selenium.By$ByName.findElement(By.java:305)
	at org.openqa.selenium.remote.RemoteWebDriver.findElement(RemoteWebDriver.java:299)
	at com.cs.ui.test.Common.accessCodeHandle(Common.java:25)
	at com.cs.ui.test.Common.addTicketsToCart(Common.java:133)
	at com.cs.ui.test.CoreStoreSmokeTest.buyTicketsAsNewCustomerWithDifferentAddressByPaypal(CoreStoreSmokeTest.java:31)
Caused by: org.openqa.selenium.remote.ErrorHandler$UnknownServerException: Window not found. The browser window may have been closed.
Build info: version: &apos;2.37.1&apos;, revision: &apos;a7c61cbd68657e133ae96672cf995890bad2ee42&apos;, time: &apos;2013-10-21 09:08:07&apos;
System info: host: &apos;Shahiduls-MacBook-Pro.local&apos;, ip: &apos;192.168.1.2&apos;, os.name: &apos;Mac OS X&apos;, os.arch: &apos;x86_64&apos;, os.version: &apos;10.8.5&apos;, java.version: &apos;1.7.0_40&apos;
Driver info: driver.version: unknown
	at &lt;anonymous class&gt;.nsCommandProcessor.prototype.execute(file:///var/folders/nv/lhxgdb8x6zn4qwqv_7_fqm7r0000gn/T/anonymous5311186019541655115webdriver-profile/extensions/fxdriver@googlecode.com/components/command_processor.js:10917)
	at &lt;anonymous class&gt;.Dispatcher.executeAs/&lt;(file:///var/folders/nv/lhxgdb8x6zn4qwqv_7_fqm7r0000gn/T/anonymous5311186019541655115webdriver-profile/extensions/fxdriver@googlecode.com/components/driver_component.js:7722)
	at &lt;anonymous class&gt;.Resource.prototype.handle(file:///var/folders/nv/lhxgdb8x6zn4qwqv_7_fqm7r0000gn/T/anonymous5311186019541655115webdriver-profile/extensions/fxdriver@googlecode.com/components/driver_component.js:7868)
	at &lt;anonymous class&gt;.Dispatcher.prototype.dispatch(file:///var/folders/nv/lhxgdb8x6zn4qwqv_7_fqm7r0000gn/T/anonymous5311186019541655115webdriver-profile/extensions/fxdriver@googlecode.com/components/driver_component.js:7815)
	at &lt;anonymous class&gt;.WebDriverServer/&lt;.handle(file:///var/folders/nv/lhxgdb8x6zn4qwqv_7_fqm7r0000gn/T/anonymous5311186019541655115webdriver-profile/extensions/fxdriver@googlecode.com/components/driver_component.js:10706)
	at &lt;anonymous class&gt;.createHandlerFunc/&lt;(file:///var/folders/nv/lhxgdb8x6zn4qwqv_7_fqm7r0000gn/T/anonymous5311186019541655115webdriver-profile/extensions/fxdriver@googlecode.com/components/httpd.js:1935)
	at &lt;anonymous class&gt;.ServerHandler.prototype.handleResponse(file:///var/folders/nv/lhxgdb8x6zn4qwqv_7_fqm7r0000gn/T/anonymous5311186019541655115webdriver-profile/extensions/fxdriver@googlecode.com/components/httpd.js:2261)
	at &lt;anonymous class&gt;.Connection.prototype.process(file:///var/folders/nv/lhxgdb8x6zn4qwqv_7_fqm7r0000gn/T/anonymous5311186019541655115webdriver-profile/extensions/fxdriver@googlecode.com/components/httpd.js:1168)
	at &lt;anonymous class&gt;.RequestReader.prototype._handleResponse(file:///var/folders/nv/lhxgdb8x6zn4qwqv_7_fqm7r0000gn/T/anonymous5311186019541655115webdriver-profile/extensions/fxdriver@googlecode.com/components/httpd.js:1616)
	at &lt;anonymous class&gt;.RequestReader.prototype._processBody(file:///var/folders/nv/lhxgdb8x6zn4qwqv_7_fqm7r0000gn/T/anonymous5311186019541655115webdriver-profile/extensions/fxdriver@googlecode.com/components/httpd.js:1464)
	at &lt;anonymous class&gt;.RequestReader.prototype.onInputStreamReady(file:///var/folders/nv/lhxgdb8x6zn4qwqv_7_fqm7r0000gn/T/anonymous5311186019541655115webdriver-profile/extensions/fxdriver@googlecode.com/components/httpd.js:1333)
</failure>
    <system-out>&apos;buyTicketsAsNewCustomerWithDifferentAddressByPaypal&apos; method strted
Buy Ticket Button not found
</system-out>
  </testcase>
  <testcase time="6.025" classname="com.cs.ui.test.CoreStoreSmokeTest" name="buyTicketsAsNewCustomerWithSameAddressByCreditCard">
    <failure message="Window not found. The browser window may have been closed.
Command duration or timeout: 11 milliseconds
Build info: version: &apos;2.37.1&apos;, revision: &apos;a7c61cbd68657e133ae96672cf995890bad2ee42&apos;, time: &apos;2013-10-21 09:08:07&apos;
System info: host: &apos;Shahiduls-MacBook-Pro.local&apos;, ip: &apos;192.168.1.2&apos;, os.name: &apos;Mac OS X&apos;, os.arch: &apos;x86_64&apos;, os.version: &apos;10.8.5&apos;, java.version: &apos;1.7.0_40&apos;
Session ID: 0b5f9c90-f9cb-6a46-8b07-9e99dd1f0f5c
Driver info: org.openqa.selenium.firefox.FirefoxDriver
Capabilities [{platform=MAC, databaseEnabled=true, cssSelectorsEnabled=true, javascriptEnabled=true, acceptSslCerts=true, handlesAlerts=true, browserName=firefox, browserConnectionEnabled=true, nativeEvents=false, webStorageEnabled=true, rotatable=false, locationContextEnabled=true, applicationCacheEnabled=true, takesScreenshot=true, version=25.0.1}]" type="org.openqa.selenium.NoSuchWindowException">org.openqa.selenium.NoSuchWindowException: Window not found. The browser window may have been closed.
Command duration or timeout: 11 milliseconds
Build info: version: &apos;2.37.1&apos;, revision: &apos;a7c61cbd68657e133ae96672cf995890bad2ee42&apos;, time: &apos;2013-10-21 09:08:07&apos;
System info: host: &apos;Shahiduls-MacBook-Pro.local&apos;, ip: &apos;192.168.1.2&apos;, os.name: &apos;Mac OS X&apos;, os.arch: &apos;x86_64&apos;, os.version: &apos;10.8.5&apos;, java.version: &apos;1.7.0_40&apos;
Session ID: 0b5f9c90-f9cb-6a46-8b07-9e99dd1f0f5c
Driver info: org.openqa.selenium.firefox.FirefoxDriver
Capabilities [{platform=MAC, databaseEnabled=true, cssSelectorsEnabled=true, javascriptEnabled=true, acceptSslCerts=true, handlesAlerts=true, browserName=firefox, browserConnectionEnabled=true, nativeEvents=false, webStorageEnabled=true, rotatable=false, locationContextEnabled=true, applicationCacheEnabled=true, takesScreenshot=true, version=25.0.1}]
	at sun.reflect.NativeConstructorAccessorImpl.newInstance0(Native Method)
	at sun.reflect.NativeConstructorAccessorImpl.newInstance(NativeConstructorAccessorImpl.java:57)
	at sun.reflect.DelegatingConstructorAccessorImpl.newInstance(DelegatingConstructorAccessorImpl.java:45)
	at java.lang.reflect.Constructor.newInstance(Constructor.java:526)
	at org.openqa.selenium.remote.ErrorHandler.createThrowable(ErrorHandler.java:193)
	at org.openqa.selenium.remote.ErrorHandler.throwIfResponseFailed(ErrorHandler.java:145)
	at org.openqa.selenium.remote.RemoteWebDriver.execute(RemoteWebDriver.java:554)
	at org.openqa.selenium.remote.RemoteWebDriver.findElement(RemoteWebDriver.java:307)
	at org.openqa.selenium.remote.RemoteWebDriver.findElementByName(RemoteWebDriver.java:380)
	at org.openqa.selenium.By$ByName.findElement(By.java:305)
	at org.openqa.selenium.remote.RemoteWebDriver.findElement(RemoteWebDriver.java:299)
	at com.cs.ui.test.Common.accessCodeHandle(Common.java:25)
	at com.cs.ui.test.Common.addTicketsToCart(Common.java:133)
	at com.cs.ui.test.CoreStoreSmokeTest.buyTicketsAsNewCustomerWithSameAddressByCreditCard(CoreStoreSmokeTest.java:49)
Caused by: org.openqa.selenium.remote.ErrorHandler$UnknownServerException: Window not found. The browser window may have been closed.
Build info: version: &apos;2.37.1&apos;, revision: &apos;a7c61cbd68657e133ae96672cf995890bad2ee42&apos;, time: &apos;2013-10-21 09:08:07&apos;
System info: host: &apos;Shahiduls-MacBook-Pro.local&apos;, ip: &apos;192.168.1.2&apos;, os.name: &apos;Mac OS X&apos;, os.arch: &apos;x86_64&apos;, os.version: &apos;10.8.5&apos;, java.version: &apos;1.7.0_40&apos;
Driver info: driver.version: unknown
	at &lt;anonymous class&gt;.nsCommandProcessor.prototype.execute(file:///var/folders/nv/lhxgdb8x6zn4qwqv_7_fqm7r0000gn/T/anonymous5311186019541655115webdriver-profile/extensions/fxdriver@googlecode.com/components/command_processor.js:10917)
	at &lt;anonymous class&gt;.Dispatcher.executeAs/&lt;(file:///var/folders/nv/lhxgdb8x6zn4qwqv_7_fqm7r0000gn/T/anonymous5311186019541655115webdriver-profile/extensions/fxdriver@googlecode.com/components/driver_component.js:7722)
	at &lt;anonymous class&gt;.Resource.prototype.handle(file:///var/folders/nv/lhxgdb8x6zn4qwqv_7_fqm7r0000gn/T/anonymous5311186019541655115webdriver-profile/extensions/fxdriver@googlecode.com/components/driver_component.js:7868)
	at &lt;anonymous class&gt;.Dispatcher.prototype.dispatch(file:///var/folders/nv/lhxgdb8x6zn4qwqv_7_fqm7r0000gn/T/anonymous5311186019541655115webdriver-profile/extensions/fxdriver@googlecode.com/components/driver_component.js:7815)
	at &lt;anonymous class&gt;.WebDriverServer/&lt;.handle(file:///var/folders/nv/lhxgdb8x6zn4qwqv_7_fqm7r0000gn/T/anonymous5311186019541655115webdriver-profile/extensions/fxdriver@googlecode.com/components/driver_component.js:10706)
	at &lt;anonymous class&gt;.createHandlerFunc/&lt;(file:///var/folders/nv/lhxgdb8x6zn4qwqv_7_fqm7r0000gn/T/anonymous5311186019541655115webdriver-profile/extensions/fxdriver@googlecode.com/components/httpd.js:1935)
	at &lt;anonymous class&gt;.ServerHandler.prototype.handleResponse(file:///var/folders/nv/lhxgdb8x6zn4qwqv_7_fqm7r0000gn/T/anonymous5311186019541655115webdriver-profile/extensions/fxdriver@googlecode.com/components/httpd.js:2261)
	at &lt;anonymous class&gt;.Connection.prototype.process(file:///var/folders/nv/lhxgdb8x6zn4qwqv_7_fqm7r0000gn/T/anonymous5311186019541655115webdriver-profile/extensions/fxdriver@googlecode.com/components/httpd.js:1168)
	at &lt;anonymous class&gt;.RequestReader.prototype._handleResponse(file:///var/folders/nv/lhxgdb8x6zn4qwqv_7_fqm7r0000gn/T/anonymous5311186019541655115webdriver-profile/extensions/fxdriver@googlecode.com/components/httpd.js:1616)
	at &lt;anonymous class&gt;.RequestReader.prototype._processBody(file:///var/folders/nv/lhxgdb8x6zn4qwqv_7_fqm7r0000gn/T/anonymous5311186019541655115webdriver-profile/extensions/fxdriver@googlecode.com/components/httpd.js:1464)
	at &lt;anonymous class&gt;.RequestReader.prototype.onInputStreamReady(file:///var/folders/nv/lhxgdb8x6zn4qwqv_7_fqm7r0000gn/T/anonymous5311186019541655115webdriver-profile/extensions/fxdriver@googlecode.com/components/httpd.js:1333)
</failure>
    <system-out>&apos;buyTicketsAsNewCustomerWithSameAddressByCreditCard&apos; method strted
Buy Ticket Button not found
</system-out>
  </testcase>
  <testcase time="6.025" classname="com.cs.ui.test.CoreStoreSmokeTest" name="buyTicketsAsNewCustomerWithDifferentAddressByCreditCard">
    <failure message="Window not found. The browser window may have been closed.
Command duration or timeout: 10 milliseconds
Build info: version: &apos;2.37.1&apos;, revision: &apos;a7c61cbd68657e133ae96672cf995890bad2ee42&apos;, time: &apos;2013-10-21 09:08:07&apos;
System info: host: &apos;Shahiduls-MacBook-Pro.local&apos;, ip: &apos;192.168.1.2&apos;, os.name: &apos;Mac OS X&apos;, os.arch: &apos;x86_64&apos;, os.version: &apos;10.8.5&apos;, java.version: &apos;1.7.0_40&apos;
Session ID: 0b5f9c90-f9cb-6a46-8b07-9e99dd1f0f5c
Driver info: org.openqa.selenium.firefox.FirefoxDriver
Capabilities [{platform=MAC, databaseEnabled=true, cssSelectorsEnabled=true, javascriptEnabled=true, acceptSslCerts=true, handlesAlerts=true, browserName=firefox, browserConnectionEnabled=true, nativeEvents=false, webStorageEnabled=true, rotatable=false, locationContextEnabled=true, applicationCacheEnabled=true, takesScreenshot=true, version=25.0.1}]" type="org.openqa.selenium.NoSuchWindowException">org.openqa.selenium.NoSuchWindowException: Window not found. The browser window may have been closed.
Command duration or timeout: 10 milliseconds
Build info: version: &apos;2.37.1&apos;, revision: &apos;a7c61cbd68657e133ae96672cf995890bad2ee42&apos;, time: &apos;2013-10-21 09:08:07&apos;
System info: host: &apos;Shahiduls-MacBook-Pro.local&apos;, ip: &apos;192.168.1.2&apos;, os.name: &apos;Mac OS X&apos;, os.arch: &apos;x86_64&apos;, os.version: &apos;10.8.5&apos;, java.version: &apos;1.7.0_40&apos;
Session ID: 0b5f9c90-f9cb-6a46-8b07-9e99dd1f0f5c
Driver info: org.openqa.selenium.firefox.FirefoxDriver
Capabilities [{platform=MAC, databaseEnabled=true, cssSelectorsEnabled=true, javascriptEnabled=true, acceptSslCerts=true, handlesAlerts=true, browserName=firefox, browserConnectionEnabled=true, nativeEvents=false, webStorageEnabled=true, rotatable=false, locationContextEnabled=true, applicationCacheEnabled=true, takesScreenshot=true, version=25.0.1}]
	at sun.reflect.GeneratedConstructorAccessor13.newInstance(Unknown Source)
	at sun.reflect.DelegatingConstructorAccessorImpl.newInstance(DelegatingConstructorAccessorImpl.java:45)
	at java.lang.reflect.Constructor.newInstance(Constructor.java:526)
	at org.openqa.selenium.remote.ErrorHandler.createThrowable(ErrorHandler.java:193)
	at org.openqa.selenium.remote.ErrorHandler.throwIfResponseFailed(ErrorHandler.java:145)
	at org.openqa.selenium.remote.RemoteWebDriver.execute(RemoteWebDriver.java:554)
	at org.openqa.selenium.remote.RemoteWebDriver.findElement(RemoteWebDriver.java:307)
	at org.openqa.selenium.remote.RemoteWebDriver.findElementByName(RemoteWebDriver.java:380)
	at org.openqa.selenium.By$ByName.findElement(By.java:305)
	at org.openqa.selenium.remote.RemoteWebDriver.findElement(RemoteWebDriver.java:299)
	at com.cs.ui.test.Common.accessCodeHandle(Common.java:25)
	at com.cs.ui.test.Common.addTicketsToCart(Common.java:133)
	at com.cs.ui.test.CoreStoreSmokeTest.buyTicketsAsNewCustomerWithDifferentAddressByCreditCard(CoreStoreSmokeTest.java:66)
Caused by: org.openqa.selenium.remote.ErrorHandler$UnknownServerException: Window not found. The browser window may have been closed.
Build info: version: &apos;2.37.1&apos;, revision: &apos;a7c61cbd68657e133ae96672cf995890bad2ee42&apos;, time: &apos;2013-10-21 09:08:07&apos;
System info: host: &apos;Shahiduls-MacBook-Pro.local&apos;, ip: &apos;192.168.1.2&apos;, os.name: &apos;Mac OS X&apos;, os.arch: &apos;x86_64&apos;, os.version: &apos;10.8.5&apos;, java.version: &apos;1.7.0_40&apos;
Driver info: driver.version: unknown
	at &lt;anonymous class&gt;.nsCommandProcessor.prototype.execute(file:///var/folders/nv/lhxgdb8x6zn4qwqv_7_fqm7r0000gn/T/anonymous5311186019541655115webdriver-profile/extensions/fxdriver@googlecode.com/components/command_processor.js:10917)
	at &lt;anonymous class&gt;.Dispatcher.executeAs/&lt;(file:///var/folders/nv/lhxgdb8x6zn4qwqv_7_fqm7r0000gn/T/anonymous5311186019541655115webdriver-profile/extensions/fxdriver@googlecode.com/components/driver_component.js:7722)
	at &lt;anonymous class&gt;.Resource.prototype.handle(file:///var/folders/nv/lhxgdb8x6zn4qwqv_7_fqm7r0000gn/T/anonymous5311186019541655115webdriver-profile/extensions/fxdriver@googlecode.com/components/driver_component.js:7868)
	at &lt;anonymous class&gt;.Dispatcher.prototype.dispatch(file:///var/folders/nv/lhxgdb8x6zn4qwqv_7_fqm7r0000gn/T/anonymous5311186019541655115webdriver-profile/extensions/fxdriver@googlecode.com/components/driver_component.js:7815)
	at &lt;anonymous class&gt;.WebDriverServer/&lt;.handle(file:///var/folders/nv/lhxgdb8x6zn4qwqv_7_fqm7r0000gn/T/anonymous5311186019541655115webdriver-profile/extensions/fxdriver@googlecode.com/components/driver_component.js:10706)
	at &lt;anonymous class&gt;.createHandlerFunc/&lt;(file:///var/folders/nv/lhxgdb8x6zn4qwqv_7_fqm7r0000gn/T/anonymous5311186019541655115webdriver-profile/extensions/fxdriver@googlecode.com/components/httpd.js:1935)
	at &lt;anonymous class&gt;.ServerHandler.prototype.handleResponse(file:///var/folders/nv/lhxgdb8x6zn4qwqv_7_fqm7r0000gn/T/anonymous5311186019541655115webdriver-profile/extensions/fxdriver@googlecode.com/components/httpd.js:2261)
	at &lt;anonymous class&gt;.Connection.prototype.process(file:///var/folders/nv/lhxgdb8x6zn4qwqv_7_fqm7r0000gn/T/anonymous5311186019541655115webdriver-profile/extensions/fxdriver@googlecode.com/components/httpd.js:1168)
	at &lt;anonymous class&gt;.RequestReader.prototype._handleResponse(file:///var/folders/nv/lhxgdb8x6zn4qwqv_7_fqm7r0000gn/T/anonymous5311186019541655115webdriver-profile/extensions/fxdriver@googlecode.com/components/httpd.js:1616)
	at &lt;anonymous class&gt;.RequestReader.prototype._processBody(file:///var/folders/nv/lhxgdb8x6zn4qwqv_7_fqm7r0000gn/T/anonymous5311186019541655115webdriver-profile/extensions/fxdriver@googlecode.com/components/httpd.js:1464)
	at &lt;anonymous class&gt;.RequestReader.prototype.onInputStreamReady(file:///var/folders/nv/lhxgdb8x6zn4qwqv_7_fqm7r0000gn/T/anonymous5311186019541655115webdriver-profile/extensions/fxdriver@googlecode.com/components/httpd.js:1333)
</failure>
    <system-out>&apos;buyTicketsAsNewCustomerWithDifferentAddressByCreditCard&apos; method strted
Buy Ticket Button not found
</system-out>
  </testcase>
  <testcase time="6.025" classname="com.cs.ui.test.CoreStoreSmokeTest" name="buyTicketsAsExistingCustomerByCrediCard">
    <failure message="Window not found. The browser window may have been closed.
Command duration or timeout: 11 milliseconds
Build info: version: &apos;2.37.1&apos;, revision: &apos;a7c61cbd68657e133ae96672cf995890bad2ee42&apos;, time: &apos;2013-10-21 09:08:07&apos;
System info: host: &apos;Shahiduls-MacBook-Pro.local&apos;, ip: &apos;192.168.1.2&apos;, os.name: &apos;Mac OS X&apos;, os.arch: &apos;x86_64&apos;, os.version: &apos;10.8.5&apos;, java.version: &apos;1.7.0_40&apos;
Session ID: 0b5f9c90-f9cb-6a46-8b07-9e99dd1f0f5c
Driver info: org.openqa.selenium.firefox.FirefoxDriver
Capabilities [{platform=MAC, databaseEnabled=true, cssSelectorsEnabled=true, javascriptEnabled=true, acceptSslCerts=true, handlesAlerts=true, browserName=firefox, browserConnectionEnabled=true, nativeEvents=false, webStorageEnabled=true, rotatable=false, locationContextEnabled=true, applicationCacheEnabled=true, takesScreenshot=true, version=25.0.1}]" type="org.openqa.selenium.NoSuchWindowException">org.openqa.selenium.NoSuchWindowException: Window not found. The browser window may have been closed.
Command duration or timeout: 11 milliseconds
Build info: version: &apos;2.37.1&apos;, revision: &apos;a7c61cbd68657e133ae96672cf995890bad2ee42&apos;, time: &apos;2013-10-21 09:08:07&apos;
System info: host: &apos;Shahiduls-MacBook-Pro.local&apos;, ip: &apos;192.168.1.2&apos;, os.name: &apos;Mac OS X&apos;, os.arch: &apos;x86_64&apos;, os.version: &apos;10.8.5&apos;, java.version: &apos;1.7.0_40&apos;
Session ID: 0b5f9c90-f9cb-6a46-8b07-9e99dd1f0f5c
Driver info: org.openqa.selenium.firefox.FirefoxDriver
Capabilities [{platform=MAC, databaseEnabled=true, cssSelectorsEnabled=true, javascriptEnabled=true, acceptSslCerts=true, handlesAlerts=true, browserName=firefox, browserConnectionEnabled=true, nativeEvents=false, webStorageEnabled=true, rotatable=false, locationContextEnabled=true, applicationCacheEnabled=true, takesScreenshot=true, version=25.0.1}]
	at sun.reflect.GeneratedConstructorAccessor13.newInstance(Unknown Source)
	at sun.reflect.DelegatingConstructorAccessorImpl.newInstance(DelegatingConstructorAccessorImpl.java:45)
	at java.lang.reflect.Constructor.newInstance(Constructor.java:526)
	at org.openqa.selenium.remote.ErrorHandler.createThrowable(ErrorHandler.java:193)
	at org.openqa.selenium.remote.ErrorHandler.throwIfResponseFailed(ErrorHandler.java:145)
	at org.openqa.selenium.remote.RemoteWebDriver.execute(RemoteWebDriver.java:554)
	at org.openqa.selenium.remote.RemoteWebDriver.findElement(RemoteWebDriver.java:307)
	at org.openqa.selenium.remote.RemoteWebDriver.findElementByName(RemoteWebDriver.java:380)
	at org.openqa.selenium.By$ByName.findElement(By.java:305)
	at org.openqa.selenium.remote.RemoteWebDriver.findElement(RemoteWebDriver.java:299)
	at com.cs.ui.test.Common.accessCodeHandle(Common.java:25)
	at com.cs.ui.test.Common.addTicketsToCart(Common.java:133)
	at com.cs.ui.test.CoreStoreSmokeTest.buyTicketsAsExistingCustomerByCrediCard(CoreStoreSmokeTest.java:85)
Caused by: org.openqa.selenium.remote.ErrorHandler$UnknownServerException: Window not found. The browser window may have been closed.
Build info: version: &apos;2.37.1&apos;, revision: &apos;a7c61cbd68657e133ae96672cf995890bad2ee42&apos;, time: &apos;2013-10-21 09:08:07&apos;
System info: host: &apos;Shahiduls-MacBook-Pro.local&apos;, ip: &apos;192.168.1.2&apos;, os.name: &apos;Mac OS X&apos;, os.arch: &apos;x86_64&apos;, os.version: &apos;10.8.5&apos;, java.version: &apos;1.7.0_40&apos;
Driver info: driver.version: unknown
	at &lt;anonymous class&gt;.nsCommandProcessor.prototype.execute(file:///var/folders/nv/lhxgdb8x6zn4qwqv_7_fqm7r0000gn/T/anonymous5311186019541655115webdriver-profile/extensions/fxdriver@googlecode.com/components/command_processor.js:10917)
	at &lt;anonymous class&gt;.Dispatcher.executeAs/&lt;(file:///var/folders/nv/lhxgdb8x6zn4qwqv_7_fqm7r0000gn/T/anonymous5311186019541655115webdriver-profile/extensions/fxdriver@googlecode.com/components/driver_component.js:7722)
	at &lt;anonymous class&gt;.Resource.prototype.handle(file:///var/folders/nv/lhxgdb8x6zn4qwqv_7_fqm7r0000gn/T/anonymous5311186019541655115webdriver-profile/extensions/fxdriver@googlecode.com/components/driver_component.js:7868)
	at &lt;anonymous class&gt;.Dispatcher.prototype.dispatch(file:///var/folders/nv/lhxgdb8x6zn4qwqv_7_fqm7r0000gn/T/anonymous5311186019541655115webdriver-profile/extensions/fxdriver@googlecode.com/components/driver_component.js:7815)
	at &lt;anonymous class&gt;.WebDriverServer/&lt;.handle(file:///var/folders/nv/lhxgdb8x6zn4qwqv_7_fqm7r0000gn/T/anonymous5311186019541655115webdriver-profile/extensions/fxdriver@googlecode.com/components/driver_component.js:10706)
	at &lt;anonymous class&gt;.createHandlerFunc/&lt;(file:///var/folders/nv/lhxgdb8x6zn4qwqv_7_fqm7r0000gn/T/anonymous5311186019541655115webdriver-profile/extensions/fxdriver@googlecode.com/components/httpd.js:1935)
	at &lt;anonymous class&gt;.ServerHandler.prototype.handleResponse(file:///var/folders/nv/lhxgdb8x6zn4qwqv_7_fqm7r0000gn/T/anonymous5311186019541655115webdriver-profile/extensions/fxdriver@googlecode.com/components/httpd.js:2261)
	at &lt;anonymous class&gt;.Connection.prototype.process(file:///var/folders/nv/lhxgdb8x6zn4qwqv_7_fqm7r0000gn/T/anonymous5311186019541655115webdriver-profile/extensions/fxdriver@googlecode.com/components/httpd.js:1168)
	at &lt;anonymous class&gt;.RequestReader.prototype._handleResponse(file:///var/folders/nv/lhxgdb8x6zn4qwqv_7_fqm7r0000gn/T/anonymous5311186019541655115webdriver-profile/extensions/fxdriver@googlecode.com/components/httpd.js:1616)
	at &lt;anonymous class&gt;.RequestReader.prototype._processBody(file:///var/folders/nv/lhxgdb8x6zn4qwqv_7_fqm7r0000gn/T/anonymous5311186019541655115webdriver-profile/extensions/fxdriver@googlecode.com/components/httpd.js:1464)
	at &lt;anonymous class&gt;.RequestReader.prototype.onInputStreamReady(file:///var/folders/nv/lhxgdb8x6zn4qwqv_7_fqm7r0000gn/T/anonymous5311186019541655115webdriver-profile/extensions/fxdriver@googlecode.com/components/httpd.js:1333)
</failure>
    <system-out>&apos;buyTicketsAsExistingCustomerByPaypal&apos; method strted
Buy Ticket Button not found
</system-out>
  </testcase>
  <testcase time="6.025" classname="com.cs.ui.test.CoreStoreSmokeTest" name="buyTicketsAsExistingCustomerByPaypal">
    <failure message="Window not found. The browser window may have been closed.
Command duration or timeout: 9 milliseconds
Build info: version: &apos;2.37.1&apos;, revision: &apos;a7c61cbd68657e133ae96672cf995890bad2ee42&apos;, time: &apos;2013-10-21 09:08:07&apos;
System info: host: &apos;Shahiduls-MacBook-Pro.local&apos;, ip: &apos;192.168.1.2&apos;, os.name: &apos;Mac OS X&apos;, os.arch: &apos;x86_64&apos;, os.version: &apos;10.8.5&apos;, java.version: &apos;1.7.0_40&apos;
Session ID: 0b5f9c90-f9cb-6a46-8b07-9e99dd1f0f5c
Driver info: org.openqa.selenium.firefox.FirefoxDriver
Capabilities [{platform=MAC, databaseEnabled=true, cssSelectorsEnabled=true, javascriptEnabled=true, acceptSslCerts=true, handlesAlerts=true, browserName=firefox, browserConnectionEnabled=true, nativeEvents=false, webStorageEnabled=true, rotatable=false, locationContextEnabled=true, applicationCacheEnabled=true, takesScreenshot=true, version=25.0.1}]" type="org.openqa.selenium.NoSuchWindowException">org.openqa.selenium.NoSuchWindowException: Window not found. The browser window may have been closed.
Command duration or timeout: 9 milliseconds
Build info: version: &apos;2.37.1&apos;, revision: &apos;a7c61cbd68657e133ae96672cf995890bad2ee42&apos;, time: &apos;2013-10-21 09:08:07&apos;
System info: host: &apos;Shahiduls-MacBook-Pro.local&apos;, ip: &apos;192.168.1.2&apos;, os.name: &apos;Mac OS X&apos;, os.arch: &apos;x86_64&apos;, os.version: &apos;10.8.5&apos;, java.version: &apos;1.7.0_40&apos;
Session ID: 0b5f9c90-f9cb-6a46-8b07-9e99dd1f0f5c
Driver info: org.openqa.selenium.firefox.FirefoxDriver
Capabilities [{platform=MAC, databaseEnabled=true, cssSelectorsEnabled=true, javascriptEnabled=true, acceptSslCerts=true, handlesAlerts=true, browserName=firefox, browserConnectionEnabled=true, nativeEvents=false, webStorageEnabled=true, rotatable=false, locationContextEnabled=true, applicationCacheEnabled=true, takesScreenshot=true, version=25.0.1}]
	at sun.reflect.GeneratedConstructorAccessor13.newInstance(Unknown Source)
	at sun.reflect.DelegatingConstructorAccessorImpl.newInstance(DelegatingConstructorAccessorImpl.java:45)
	at java.lang.reflect.Constructor.newInstance(Constructor.java:526)
	at org.openqa.selenium.remote.ErrorHandler.createThrowable(ErrorHandler.java:193)
	at org.openqa.selenium.remote.ErrorHandler.throwIfResponseFailed(ErrorHandler.java:145)
	at org.openqa.selenium.remote.RemoteWebDriver.execute(RemoteWebDriver.java:554)
	at org.openqa.selenium.remote.RemoteWebDriver.findElement(RemoteWebDriver.java:307)
	at org.openqa.selenium.remote.RemoteWebDriver.findElementByName(RemoteWebDriver.java:380)
	at org.openqa.selenium.By$ByName.findElement(By.java:305)
	at org.openqa.selenium.remote.RemoteWebDriver.findElement(RemoteWebDriver.java:299)
	at com.cs.ui.test.Common.accessCodeHandle(Common.java:25)
	at com.cs.ui.test.Common.addTicketsToCart(Common.java:133)
	at com.cs.ui.test.CoreStoreSmokeTest.buyTicketsAsExistingCustomerByPaypal(CoreStoreSmokeTest.java:99)
Caused by: org.openqa.selenium.remote.ErrorHandler$UnknownServerException: Window not found. The browser window may have been closed.
Build info: version: &apos;2.37.1&apos;, revision: &apos;a7c61cbd68657e133ae96672cf995890bad2ee42&apos;, time: &apos;2013-10-21 09:08:07&apos;
System info: host: &apos;Shahiduls-MacBook-Pro.local&apos;, ip: &apos;192.168.1.2&apos;, os.name: &apos;Mac OS X&apos;, os.arch: &apos;x86_64&apos;, os.version: &apos;10.8.5&apos;, java.version: &apos;1.7.0_40&apos;
Driver info: driver.version: unknown
	at &lt;anonymous class&gt;.nsCommandProcessor.prototype.execute(file:///var/folders/nv/lhxgdb8x6zn4qwqv_7_fqm7r0000gn/T/anonymous5311186019541655115webdriver-profile/extensions/fxdriver@googlecode.com/components/command_processor.js:10917)
	at &lt;anonymous class&gt;.Dispatcher.executeAs/&lt;(file:///var/folders/nv/lhxgdb8x6zn4qwqv_7_fqm7r0000gn/T/anonymous5311186019541655115webdriver-profile/extensions/fxdriver@googlecode.com/components/driver_component.js:7722)
	at &lt;anonymous class&gt;.Resource.prototype.handle(file:///var/folders/nv/lhxgdb8x6zn4qwqv_7_fqm7r0000gn/T/anonymous5311186019541655115webdriver-profile/extensions/fxdriver@googlecode.com/components/driver_component.js:7868)
	at &lt;anonymous class&gt;.Dispatcher.prototype.dispatch(file:///var/folders/nv/lhxgdb8x6zn4qwqv_7_fqm7r0000gn/T/anonymous5311186019541655115webdriver-profile/extensions/fxdriver@googlecode.com/components/driver_component.js:7815)
	at &lt;anonymous class&gt;.WebDriverServer/&lt;.handle(file:///var/folders/nv/lhxgdb8x6zn4qwqv_7_fqm7r0000gn/T/anonymous5311186019541655115webdriver-profile/extensions/fxdriver@googlecode.com/components/driver_component.js:10706)
	at &lt;anonymous class&gt;.createHandlerFunc/&lt;(file:///var/folders/nv/lhxgdb8x6zn4qwqv_7_fqm7r0000gn/T/anonymous5311186019541655115webdriver-profile/extensions/fxdriver@googlecode.com/components/httpd.js:1935)
	at &lt;anonymous class&gt;.ServerHandler.prototype.handleResponse(file:///var/folders/nv/lhxgdb8x6zn4qwqv_7_fqm7r0000gn/T/anonymous5311186019541655115webdriver-profile/extensions/fxdriver@googlecode.com/components/httpd.js:2261)
	at &lt;anonymous class&gt;.Connection.prototype.process(file:///var/folders/nv/lhxgdb8x6zn4qwqv_7_fqm7r0000gn/T/anonymous5311186019541655115webdriver-profile/extensions/fxdriver@googlecode.com/components/httpd.js:1168)
	at &lt;anonymous class&gt;.RequestReader.prototype._handleResponse(file:///var/folders/nv/lhxgdb8x6zn4qwqv_7_fqm7r0000gn/T/anonymous5311186019541655115webdriver-profile/extensions/fxdriver@googlecode.com/components/httpd.js:1616)
	at &lt;anonymous class&gt;.RequestReader.prototype._processBody(file:///var/folders/nv/lhxgdb8x6zn4qwqv_7_fqm7r0000gn/T/anonymous5311186019541655115webdriver-profile/extensions/fxdriver@googlecode.com/components/httpd.js:1464)
	at &lt;anonymous class&gt;.RequestReader.prototype.onInputStreamReady(file:///var/folders/nv/lhxgdb8x6zn4qwqv_7_fqm7r0000gn/T/anonymous5311186019541655115webdriver-profile/extensions/fxdriver@googlecode.com/components/httpd.js:1333)
</failure>
    <system-out>&apos;buyTicketsAsExistingCustomerByCrediCard&apos; method strted
Buy Ticket Button not found
</system-out>
  </testcase>
</testsuite>