-------------------------------------------------------------------------------
Test set: TestSuite
-------------------------------------------------------------------------------
Tests run: 6, Failures: 6, Errors: 0, Skipped: 0, Time elapsed: 73.125 sec <<< FAILURE!
buyTicketsAsNewCustomerWithSameAddressByPaypal(com.cs.ui.test.CoreStoreSmokeTest)  Time elapsed: 25.454 sec  <<< FAILURE!
org.openqa.selenium.NoSuchWindowException: Window not found. The browser window may have been closed.
Command duration or timeout: 10 milliseconds
Build info: version: '2.37.1', revision: 'a7c61cbd68657e133ae96672cf995890bad2ee42', time: '2013-10-21 09:08:07'
System info: host: 'Shahiduls-MacBook-Pro.local', ip: '192.168.1.2', os.name: 'Mac OS X', os.arch: 'x86_64', os.version: '10.8.5', java.version: '1.7.0_40'
Session ID: 0b5f9c90-f9cb-6a46-8b07-9e99dd1f0f5c
Driver info: org.openqa.selenium.firefox.FirefoxDriver
Capabilities [{platform=MAC, databaseEnabled=true, cssSelectorsEnabled=true, javascriptEnabled=true, acceptSslCerts=true, handlesAlerts=true, browserName=firefox, browserConnectionEnabled=true, nativeEvents=false, webStorageEnabled=true, rotatable=false, locationContextEnabled=true, applicationCacheEnabled=true, takesScreenshot=true, version=25.0.1}]
	at sun.reflect.NativeConstructorAccessorImpl.newInstance0(Native Method)
	at sun.reflect.NativeConstructorAccessorImpl.newInstance(NativeConstructorAccessorImpl.java:57)
	at sun.reflect.DelegatingConstructorAccessorImpl.newInstance(DelegatingConstructorAccessorImpl.java:45)
	at java.lang.reflect.Constructor.newInstance(Constructor.java:526)
	at org.openqa.selenium.remote.ErrorHandler.createThrowable(ErrorHandler.java:193)
	at org.openqa.selenium.remote.ErrorHandler.throwIfResponseFailed(ErrorHandler.java:145)
	at org.openqa.selenium.remote.RemoteWebDriver.execute(RemoteWebDriver.java:554)
	at org.openqa.selenium.remote.RemoteWebDriver.findElements(RemoteWebDriver.java:332)
	at org.openqa.selenium.remote.RemoteWebDriver.findElementsByXPath(RemoteWebDriver.java:408)
	at org.openqa.selenium.By$ByXPath.findElements(By.java:358)
	at org.openqa.selenium.remote.RemoteWebDriver.findElements(RemoteWebDriver.java:295)
	at com.cs.ui.test.Common.verifyElementPresent(Common.java:144)
	at com.cs.ui.test.CoreStoreSmokeTest.buyTicketsAsNewCustomerWithSameAddressByPaypal(CoreStoreSmokeTest.java:16)
Caused by: org.openqa.selenium.remote.ErrorHandler$UnknownServerException: Window not found. The browser window may have been closed.
Build info: version: '2.37.1', revision: 'a7c61cbd68657e133ae96672cf995890bad2ee42', time: '2013-10-21 09:08:07'
System info: host: 'Shahiduls-MacBook-Pro.local', ip: '192.168.1.2', os.name: 'Mac OS X', os.arch: 'x86_64', os.version: '10.8.5', java.version: '1.7.0_40'
Driver info: driver.version: unknown
	at <anonymous class>.nsCommandProcessor.prototype.execute(file:///var/folders/nv/lhxgdb8x6zn4qwqv_7_fqm7r0000gn/T/anonymous5311186019541655115webdriver-profile/extensions/fxdriver@googlecode.com/components/command_processor.js:10917)
	at <anonymous class>.Dispatcher.executeAs/<(file:///var/folders/nv/lhxgdb8x6zn4qwqv_7_fqm7r0000gn/T/anonymous5311186019541655115webdriver-profile/extensions/fxdriver@googlecode.com/components/driver_component.js:7722)
	at <anonymous class>.Resource.prototype.handle(file:///var/folders/nv/lhxgdb8x6zn4qwqv_7_fqm7r0000gn/T/anonymous5311186019541655115webdriver-profile/extensions/fxdriver@googlecode.com/components/driver_component.js:7868)
	at <anonymous class>.Dispatcher.prototype.dispatch(file:///var/folders/nv/lhxgdb8x6zn4qwqv_7_fqm7r0000gn/T/anonymous5311186019541655115webdriver-profile/extensions/fxdriver@googlecode.com/components/driver_component.js:7815)
	at <anonymous class>.WebDriverServer/<.handle(file:///var/folders/nv/lhxgdb8x6zn4qwqv_7_fqm7r0000gn/T/anonymous5311186019541655115webdriver-profile/extensions/fxdriver@googlecode.com/components/driver_component.js:10706)
	at <anonymous class>.createHandlerFunc/<(file:///var/folders/nv/lhxgdb8x6zn4qwqv_7_fqm7r0000gn/T/anonymous5311186019541655115webdriver-profile/extensions/fxdriver@googlecode.com/components/httpd.js:1935)
	at <anonymous class>.ServerHandler.prototype.handleResponse(file:///var/folders/nv/lhxgdb8x6zn4qwqv_7_fqm7r0000gn/T/anonymous5311186019541655115webdriver-profile/extensions/fxdriver@googlecode.com/components/httpd.js:2261)
	at <anonymous class>.Connection.prototype.process(file:///var/folders/nv/lhxgdb8x6zn4qwqv_7_fqm7r0000gn/T/anonymous5311186019541655115webdriver-profile/extensions/fxdriver@googlecode.com/components/httpd.js:1168)
	at <anonymous class>.RequestReader.prototype._handleResponse(file:///var/folders/nv/lhxgdb8x6zn4qwqv_7_fqm7r0000gn/T/anonymous5311186019541655115webdriver-profile/extensions/fxdriver@googlecode.com/components/httpd.js:1616)
	at <anonymous class>.RequestReader.prototype._processBody(file:///var/folders/nv/lhxgdb8x6zn4qwqv_7_fqm7r0000gn/T/anonymous5311186019541655115webdriver-profile/extensions/fxdriver@googlecode.com/components/httpd.js:1464)
	at <anonymous class>.RequestReader.prototype.onInputStreamReady(file:///var/folders/nv/lhxgdb8x6zn4qwqv_7_fqm7r0000gn/T/anonymous5311186019541655115webdriver-profile/extensions/fxdriver@googlecode.com/components/httpd.js:1333)
buyTicketsAsNewCustomerWithDifferentAddressByPaypal(com.cs.ui.test.CoreStoreSmokeTest)  Time elapsed: 6.009 sec  <<< FAILURE!
org.openqa.selenium.NoSuchWindowException: Window not found. The browser window may have been closed.
Command duration or timeout: 12 milliseconds
Build info: version: '2.37.1', revision: 'a7c61cbd68657e133ae96672cf995890bad2ee42', time: '2013-10-21 09:08:07'
System info: host: 'Shahiduls-MacBook-Pro.local', ip: '192.168.1.2', os.name: 'Mac OS X', os.arch: 'x86_64', os.version: '10.8.5', java.version: '1.7.0_40'
Session ID: 0b5f9c90-f9cb-6a46-8b07-9e99dd1f0f5c
Driver info: org.openqa.selenium.firefox.FirefoxDriver
Capabilities [{platform=MAC, databaseEnabled=true, cssSelectorsEnabled=true, javascriptEnabled=true, acceptSslCerts=true, handlesAlerts=true, browserName=firefox, browserConnectionEnabled=true, nativeEvents=false, webStorageEnabled=true, rotatable=false, locationContextEnabled=true, applicationCacheEnabled=true, takesScreenshot=true, version=25.0.1}]
	at sun.reflect.NativeConstructorAccessorImpl.newInstance0(Native Method)
	at sun.reflect.NativeConstructorAccessorImpl.newInstance(NativeConstructorAccessorImpl.java:57)
	at sun.reflect.DelegatingConstructorAccessorImpl.newInstance(DelegatingConstructorAccessorImpl.java:45)
	at java.lang.reflect.Constructor.newInstance(Constructor.java:526)
	at org.openqa.selenium.remote.ErrorHandler.createThrowable(ErrorHandler.java:193)
	at org.openqa.selenium.remote.ErrorHandler.throwIfResponseFailed(ErrorHandler.java:145)
	at org.openqa.selenium.remote.RemoteWebDriver.execute(RemoteWebDriver.java:554)
	at org.openqa.selenium.remote.RemoteWebDriver.findElement(RemoteWebDriver.java:307)
	at org.openqa.selenium.remote.RemoteWebDriver.findElementByName(RemoteWebDriver.java:380)
	at org.openqa.selenium.By$ByName.findElement(By.java:305)
	at org.openqa.selenium.remote.RemoteWebDriver.findElement(RemoteWebDriver.java:299)
	at com.cs.ui.test.Common.accessCodeHandle(Common.java:25)
	at com.cs.ui.test.Common.addTicketsToCart(Common.java:133)
	at com.cs.ui.test.CoreStoreSmokeTest.buyTicketsAsNewCustomerWithDifferentAddressByPaypal(CoreStoreSmokeTest.java:31)
Caused by: org.openqa.selenium.remote.ErrorHandler$UnknownServerException: Window not found. The browser window may have been closed.
Build info: version: '2.37.1', revision: 'a7c61cbd68657e133ae96672cf995890bad2ee42', time: '2013-10-21 09:08:07'
System info: host: 'Shahiduls-MacBook-Pro.local', ip: '192.168.1.2', os.name: 'Mac OS X', os.arch: 'x86_64', os.version: '10.8.5', java.version: '1.7.0_40'
Driver info: driver.version: unknown
	at <anonymous class>.nsCommandProcessor.prototype.execute(file:///var/folders/nv/lhxgdb8x6zn4qwqv_7_fqm7r0000gn/T/anonymous5311186019541655115webdriver-profile/extensions/fxdriver@googlecode.com/components/command_processor.js:10917)
	at <anonymous class>.Dispatcher.executeAs/<(file:///var/folders/nv/lhxgdb8x6zn4qwqv_7_fqm7r0000gn/T/anonymous5311186019541655115webdriver-profile/extensions/fxdriver@googlecode.com/components/driver_component.js:7722)
	at <anonymous class>.Resource.prototype.handle(file:///var/folders/nv/lhxgdb8x6zn4qwqv_7_fqm7r0000gn/T/anonymous5311186019541655115webdriver-profile/extensions/fxdriver@googlecode.com/components/driver_component.js:7868)
	at <anonymous class>.Dispatcher.prototype.dispatch(file:///var/folders/nv/lhxgdb8x6zn4qwqv_7_fqm7r0000gn/T/anonymous5311186019541655115webdriver-profile/extensions/fxdriver@googlecode.com/components/driver_component.js:7815)
	at <anonymous class>.WebDriverServer/<.handle(file:///var/folders/nv/lhxgdb8x6zn4qwqv_7_fqm7r0000gn/T/anonymous5311186019541655115webdriver-profile/extensions/fxdriver@googlecode.com/components/driver_component.js:10706)
	at <anonymous class>.createHandlerFunc/<(file:///var/folders/nv/lhxgdb8x6zn4qwqv_7_fqm7r0000gn/T/anonymous5311186019541655115webdriver-profile/extensions/fxdriver@googlecode.com/components/httpd.js:1935)
	at <anonymous class>.ServerHandler.prototype.handleResponse(file:///var/folders/nv/lhxgdb8x6zn4qwqv_7_fqm7r0000gn/T/anonymous5311186019541655115webdriver-profile/extensions/fxdriver@googlecode.com/components/httpd.js:2261)
	at <anonymous class>.Connection.prototype.process(file:///var/folders/nv/lhxgdb8x6zn4qwqv_7_fqm7r0000gn/T/anonymous5311186019541655115webdriver-profile/extensions/fxdriver@googlecode.com/components/httpd.js:1168)
	at <anonymous class>.RequestReader.prototype._handleResponse(file:///var/folders/nv/lhxgdb8x6zn4qwqv_7_fqm7r0000gn/T/anonymous5311186019541655115webdriver-profile/extensions/fxdriver@googlecode.com/components/httpd.js:1616)
	at <anonymous class>.RequestReader.prototype._processBody(file:///var/folders/nv/lhxgdb8x6zn4qwqv_7_fqm7r0000gn/T/anonymous5311186019541655115webdriver-profile/extensions/fxdriver@googlecode.com/components/httpd.js:1464)
	at <anonymous class>.RequestReader.prototype.onInputStreamReady(file:///var/folders/nv/lhxgdb8x6zn4qwqv_7_fqm7r0000gn/T/anonymous5311186019541655115webdriver-profile/extensions/fxdriver@googlecode.com/components/httpd.js:1333)
buyTicketsAsNewCustomerWithSameAddressByCreditCard(com.cs.ui.test.CoreStoreSmokeTest)  Time elapsed: 6.025 sec  <<< FAILURE!
org.openqa.selenium.NoSuchWindowException: Window not found. The browser window may have been closed.
Command duration or timeout: 11 milliseconds
Build info: version: '2.37.1', revision: 'a7c61cbd68657e133ae96672cf995890bad2ee42', time: '2013-10-21 09:08:07'
System info: host: 'Shahiduls-MacBook-Pro.local', ip: '192.168.1.2', os.name: 'Mac OS X', os.arch: 'x86_64', os.version: '10.8.5', java.version: '1.7.0_40'
Session ID: 0b5f9c90-f9cb-6a46-8b07-9e99dd1f0f5c
Driver info: org.openqa.selenium.firefox.FirefoxDriver
Capabilities [{platform=MAC, databaseEnabled=true, cssSelectorsEnabled=true, javascriptEnabled=true, acceptSslCerts=true, handlesAlerts=true, browserName=firefox, browserConnectionEnabled=true, nativeEvents=false, webStorageEnabled=true, rotatable=false, locationContextEnabled=true, applicationCacheEnabled=true, takesScreenshot=true, version=25.0.1}]
	at sun.reflect.NativeConstructorAccessorImpl.newInstance0(Native Method)
	at sun.reflect.NativeConstructorAccessorImpl.newInstance(NativeConstructorAccessorImpl.java:57)
	at sun.reflect.DelegatingConstructorAccessorImpl.newInstance(DelegatingConstructorAccessorImpl.java:45)
	at java.lang.reflect.Constructor.newInstance(Constructor.java:526)
	at org.openqa.selenium.remote.ErrorHandler.createThrowable(ErrorHandler.java:193)
	at org.openqa.selenium.remote.ErrorHandler.throwIfResponseFailed(ErrorHandler.java:145)
	at org.openqa.selenium.remote.RemoteWebDriver.execute(RemoteWebDriver.java:554)
	at org.openqa.selenium.remote.RemoteWebDriver.findElement(RemoteWebDriver.java:307)
	at org.openqa.selenium.remote.RemoteWebDriver.findElementByName(RemoteWebDriver.java:380)
	at org.openqa.selenium.By$ByName.findElement(By.java:305)
	at org.openqa.selenium.remote.RemoteWebDriver.findElement(RemoteWebDriver.java:299)
	at com.cs.ui.test.Common.accessCodeHandle(Common.java:25)
	at com.cs.ui.test.Common.addTicketsToCart(Common.java:133)
	at com.cs.ui.test.CoreStoreSmokeTest.buyTicketsAsNewCustomerWithSameAddressByCreditCard(CoreStoreSmokeTest.java:49)
Caused by: org.openqa.selenium.remote.ErrorHandler$UnknownServerException: Window not found. The browser window may have been closed.
Build info: version: '2.37.1', revision: 'a7c61cbd68657e133ae96672cf995890bad2ee42', time: '2013-10-21 09:08:07'
System info: host: 'Shahiduls-MacBook-Pro.local', ip: '192.168.1.2', os.name: 'Mac OS X', os.arch: 'x86_64', os.version: '10.8.5', java.version: '1.7.0_40'
Driver info: driver.version: unknown
	at <anonymous class>.nsCommandProcessor.prototype.execute(file:///var/folders/nv/lhxgdb8x6zn4qwqv_7_fqm7r0000gn/T/anonymous5311186019541655115webdriver-profile/extensions/fxdriver@googlecode.com/components/command_processor.js:10917)
	at <anonymous class>.Dispatcher.executeAs/<(file:///var/folders/nv/lhxgdb8x6zn4qwqv_7_fqm7r0000gn/T/anonymous5311186019541655115webdriver-profile/extensions/fxdriver@googlecode.com/components/driver_component.js:7722)
	at <anonymous class>.Resource.prototype.handle(file:///var/folders/nv/lhxgdb8x6zn4qwqv_7_fqm7r0000gn/T/anonymous5311186019541655115webdriver-profile/extensions/fxdriver@googlecode.com/components/driver_component.js:7868)
	at <anonymous class>.Dispatcher.prototype.dispatch(file:///var/folders/nv/lhxgdb8x6zn4qwqv_7_fqm7r0000gn/T/anonymous5311186019541655115webdriver-profile/extensions/fxdriver@googlecode.com/components/driver_component.js:7815)
	at <anonymous class>.WebDriverServer/<.handle(file:///var/folders/nv/lhxgdb8x6zn4qwqv_7_fqm7r0000gn/T/anonymous5311186019541655115webdriver-profile/extensions/fxdriver@googlecode.com/components/driver_component.js:10706)
	at <anonymous class>.createHandlerFunc/<(file:///var/folders/nv/lhxgdb8x6zn4qwqv_7_fqm7r0000gn/T/anonymous5311186019541655115webdriver-profile/extensions/fxdriver@googlecode.com/components/httpd.js:1935)
	at <anonymous class>.ServerHandler.prototype.handleResponse(file:///var/folders/nv/lhxgdb8x6zn4qwqv_7_fqm7r0000gn/T/anonymous5311186019541655115webdriver-profile/extensions/fxdriver@googlecode.com/components/httpd.js:2261)
	at <anonymous class>.Connection.prototype.process(file:///var/folders/nv/lhxgdb8x6zn4qwqv_7_fqm7r0000gn/T/anonymous5311186019541655115webdriver-profile/extensions/fxdriver@googlecode.com/components/httpd.js:1168)
	at <anonymous class>.RequestReader.prototype._handleResponse(file:///var/folders/nv/lhxgdb8x6zn4qwqv_7_fqm7r0000gn/T/anonymous5311186019541655115webdriver-profile/extensions/fxdriver@googlecode.com/components/httpd.js:1616)
	at <anonymous class>.RequestReader.prototype._processBody(file:///var/folders/nv/lhxgdb8x6zn4qwqv_7_fqm7r0000gn/T/anonymous5311186019541655115webdriver-profile/extensions/fxdriver@googlecode.com/components/httpd.js:1464)
	at <anonymous class>.RequestReader.prototype.onInputStreamReady(file:///var/folders/nv/lhxgdb8x6zn4qwqv_7_fqm7r0000gn/T/anonymous5311186019541655115webdriver-profile/extensions/fxdriver@googlecode.com/components/httpd.js:1333)
buyTicketsAsNewCustomerWithDifferentAddressByCreditCard(com.cs.ui.test.CoreStoreSmokeTest)  Time elapsed: 6.025 sec  <<< FAILURE!
org.openqa.selenium.NoSuchWindowException: Window not found. The browser window may have been closed.
Command duration or timeout: 10 milliseconds
Build info: version: '2.37.1', revision: 'a7c61cbd68657e133ae96672cf995890bad2ee42', time: '2013-10-21 09:08:07'
System info: host: 'Shahiduls-MacBook-Pro.local', ip: '192.168.1.2', os.name: 'Mac OS X', os.arch: 'x86_64', os.version: '10.8.5', java.version: '1.7.0_40'
Session ID: 0b5f9c90-f9cb-6a46-8b07-9e99dd1f0f5c
Driver info: org.openqa.selenium.firefox.FirefoxDriver
Capabilities [{platform=MAC, databaseEnabled=true, cssSelectorsEnabled=true, javascriptEnabled=true, acceptSslCerts=true, handlesAlerts=true, browserName=firefox, browserConnectionEnabled=true, nativeEvents=false, webStorageEnabled=true, rotatable=false, locationContextEnabled=true, applicationCacheEnabled=true, takesScreenshot=true, version=25.0.1}]
	at sun.reflect.GeneratedConstructorAccessor13.newInstance(Unknown Source)
	at sun.reflect.DelegatingConstructorAccessorImpl.newInstance(DelegatingConstructorAccessorImpl.java:45)
	at java.lang.reflect.Constructor.newInstance(Constructor.java:526)
	at org.openqa.selenium.remote.ErrorHandler.createThrowable(ErrorHandler.java:193)
	at org.openqa.selenium.remote.ErrorHandler.throwIfResponseFailed(ErrorHandler.java:145)
	at org.openqa.selenium.remote.RemoteWebDriver.execute(RemoteWebDriver.java:554)
	at org.openqa.selenium.remote.RemoteWebDriver.findElement(RemoteWebDriver.java:307)
	at org.openqa.selenium.remote.RemoteWebDriver.findElementByName(RemoteWebDriver.java:380)
	at org.openqa.selenium.By$ByName.findElement(By.java:305)
	at org.openqa.selenium.remote.RemoteWebDriver.findElement(RemoteWebDriver.java:299)
	at com.cs.ui.test.Common.accessCodeHandle(Common.java:25)
	at com.cs.ui.test.Common.addTicketsToCart(Common.java:133)
	at com.cs.ui.test.CoreStoreSmokeTest.buyTicketsAsNewCustomerWithDifferentAddressByCreditCard(CoreStoreSmokeTest.java:66)
Caused by: org.openqa.selenium.remote.ErrorHandler$UnknownServerException: Window not found. The browser window may have been closed.
Build info: version: '2.37.1', revision: 'a7c61cbd68657e133ae96672cf995890bad2ee42', time: '2013-10-21 09:08:07'
System info: host: 'Shahiduls-MacBook-Pro.local', ip: '192.168.1.2', os.name: 'Mac OS X', os.arch: 'x86_64', os.version: '10.8.5', java.version: '1.7.0_40'
Driver info: driver.version: unknown
	at <anonymous class>.nsCommandProcessor.prototype.execute(file:///var/folders/nv/lhxgdb8x6zn4qwqv_7_fqm7r0000gn/T/anonymous5311186019541655115webdriver-profile/extensions/fxdriver@googlecode.com/components/command_processor.js:10917)
	at <anonymous class>.Dispatcher.executeAs/<(file:///var/folders/nv/lhxgdb8x6zn4qwqv_7_fqm7r0000gn/T/anonymous5311186019541655115webdriver-profile/extensions/fxdriver@googlecode.com/components/driver_component.js:7722)
	at <anonymous class>.Resource.prototype.handle(file:///var/folders/nv/lhxgdb8x6zn4qwqv_7_fqm7r0000gn/T/anonymous5311186019541655115webdriver-profile/extensions/fxdriver@googlecode.com/components/driver_component.js:7868)
	at <anonymous class>.Dispatcher.prototype.dispatch(file:///var/folders/nv/lhxgdb8x6zn4qwqv_7_fqm7r0000gn/T/anonymous5311186019541655115webdriver-profile/extensions/fxdriver@googlecode.com/components/driver_component.js:7815)
	at <anonymous class>.WebDriverServer/<.handle(file:///var/folders/nv/lhxgdb8x6zn4qwqv_7_fqm7r0000gn/T/anonymous5311186019541655115webdriver-profile/extensions/fxdriver@googlecode.com/components/driver_component.js:10706)
	at <anonymous class>.createHandlerFunc/<(file:///var/folders/nv/lhxgdb8x6zn4qwqv_7_fqm7r0000gn/T/anonymous5311186019541655115webdriver-profile/extensions/fxdriver@googlecode.com/components/httpd.js:1935)
	at <anonymous class>.ServerHandler.prototype.handleResponse(file:///var/folders/nv/lhxgdb8x6zn4qwqv_7_fqm7r0000gn/T/anonymous5311186019541655115webdriver-profile/extensions/fxdriver@googlecode.com/components/httpd.js:2261)
	at <anonymous class>.Connection.prototype.process(file:///var/folders/nv/lhxgdb8x6zn4qwqv_7_fqm7r0000gn/T/anonymous5311186019541655115webdriver-profile/extensions/fxdriver@googlecode.com/components/httpd.js:1168)
	at <anonymous class>.RequestReader.prototype._handleResponse(file:///var/folders/nv/lhxgdb8x6zn4qwqv_7_fqm7r0000gn/T/anonymous5311186019541655115webdriver-profile/extensions/fxdriver@googlecode.com/components/httpd.js:1616)
	at <anonymous class>.RequestReader.prototype._processBody(file:///var/folders/nv/lhxgdb8x6zn4qwqv_7_fqm7r0000gn/T/anonymous5311186019541655115webdriver-profile/extensions/fxdriver@googlecode.com/components/httpd.js:1464)
	at <anonymous class>.RequestReader.prototype.onInputStreamReady(file:///var/folders/nv/lhxgdb8x6zn4qwqv_7_fqm7r0000gn/T/anonymous5311186019541655115webdriver-profile/extensions/fxdriver@googlecode.com/components/httpd.js:1333)
buyTicketsAsExistingCustomerByCrediCard(com.cs.ui.test.CoreStoreSmokeTest)  Time elapsed: 6.025 sec  <<< FAILURE!
org.openqa.selenium.NoSuchWindowException: Window not found. The browser window may have been closed.
Command duration or timeout: 11 milliseconds
Build info: version: '2.37.1', revision: 'a7c61cbd68657e133ae96672cf995890bad2ee42', time: '2013-10-21 09:08:07'
System info: host: 'Shahiduls-MacBook-Pro.local', ip: '192.168.1.2', os.name: 'Mac OS X', os.arch: 'x86_64', os.version: '10.8.5', java.version: '1.7.0_40'
Session ID: 0b5f9c90-f9cb-6a46-8b07-9e99dd1f0f5c
Driver info: org.openqa.selenium.firefox.FirefoxDriver
Capabilities [{platform=MAC, databaseEnabled=true, cssSelectorsEnabled=true, javascriptEnabled=true, acceptSslCerts=true, handlesAlerts=true, browserName=firefox, browserConnectionEnabled=true, nativeEvents=false, webStorageEnabled=true, rotatable=false, locationContextEnabled=true, applicationCacheEnabled=true, takesScreenshot=true, version=25.0.1}]
	at sun.reflect.GeneratedConstructorAccessor13.newInstance(Unknown Source)
	at sun.reflect.DelegatingConstructorAccessorImpl.newInstance(DelegatingConstructorAccessorImpl.java:45)
	at java.lang.reflect.Constructor.newInstance(Constructor.java:526)
	at org.openqa.selenium.remote.ErrorHandler.createThrowable(ErrorHandler.java:193)
	at org.openqa.selenium.remote.ErrorHandler.throwIfResponseFailed(ErrorHandler.java:145)
	at org.openqa.selenium.remote.RemoteWebDriver.execute(RemoteWebDriver.java:554)
	at org.openqa.selenium.remote.RemoteWebDriver.findElement(RemoteWebDriver.java:307)
	at org.openqa.selenium.remote.RemoteWebDriver.findElementByName(RemoteWebDriver.java:380)
	at org.openqa.selenium.By$ByName.findElement(By.java:305)
	at org.openqa.selenium.remote.RemoteWebDriver.findElement(RemoteWebDriver.java:299)
	at com.cs.ui.test.Common.accessCodeHandle(Common.java:25)
	at com.cs.ui.test.Common.addTicketsToCart(Common.java:133)
	at com.cs.ui.test.CoreStoreSmokeTest.buyTicketsAsExistingCustomerByCrediCard(CoreStoreSmokeTest.java:85)
Caused by: org.openqa.selenium.remote.ErrorHandler$UnknownServerException: Window not found. The browser window may have been closed.
Build info: version: '2.37.1', revision: 'a7c61cbd68657e133ae96672cf995890bad2ee42', time: '2013-10-21 09:08:07'
System info: host: 'Shahiduls-MacBook-Pro.local', ip: '192.168.1.2', os.name: 'Mac OS X', os.arch: 'x86_64', os.version: '10.8.5', java.version: '1.7.0_40'
Driver info: driver.version: unknown
	at <anonymous class>.nsCommandProcessor.prototype.execute(file:///var/folders/nv/lhxgdb8x6zn4qwqv_7_fqm7r0000gn/T/anonymous5311186019541655115webdriver-profile/extensions/fxdriver@googlecode.com/components/command_processor.js:10917)
	at <anonymous class>.Dispatcher.executeAs/<(file:///var/folders/nv/lhxgdb8x6zn4qwqv_7_fqm7r0000gn/T/anonymous5311186019541655115webdriver-profile/extensions/fxdriver@googlecode.com/components/driver_component.js:7722)
	at <anonymous class>.Resource.prototype.handle(file:///var/folders/nv/lhxgdb8x6zn4qwqv_7_fqm7r0000gn/T/anonymous5311186019541655115webdriver-profile/extensions/fxdriver@googlecode.com/components/driver_component.js:7868)
	at <anonymous class>.Dispatcher.prototype.dispatch(file:///var/folders/nv/lhxgdb8x6zn4qwqv_7_fqm7r0000gn/T/anonymous5311186019541655115webdriver-profile/extensions/fxdriver@googlecode.com/components/driver_component.js:7815)
	at <anonymous class>.WebDriverServer/<.handle(file:///var/folders/nv/lhxgdb8x6zn4qwqv_7_fqm7r0000gn/T/anonymous5311186019541655115webdriver-profile/extensions/fxdriver@googlecode.com/components/driver_component.js:10706)
	at <anonymous class>.createHandlerFunc/<(file:///var/folders/nv/lhxgdb8x6zn4qwqv_7_fqm7r0000gn/T/anonymous5311186019541655115webdriver-profile/extensions/fxdriver@googlecode.com/components/httpd.js:1935)
	at <anonymous class>.ServerHandler.prototype.handleResponse(file:///var/folders/nv/lhxgdb8x6zn4qwqv_7_fqm7r0000gn/T/anonymous5311186019541655115webdriver-profile/extensions/fxdriver@googlecode.com/components/httpd.js:2261)
	at <anonymous class>.Connection.prototype.process(file:///var/folders/nv/lhxgdb8x6zn4qwqv_7_fqm7r0000gn/T/anonymous5311186019541655115webdriver-profile/extensions/fxdriver@googlecode.com/components/httpd.js:1168)
	at <anonymous class>.RequestReader.prototype._handleResponse(file:///var/folders/nv/lhxgdb8x6zn4qwqv_7_fqm7r0000gn/T/anonymous5311186019541655115webdriver-profile/extensions/fxdriver@googlecode.com/components/httpd.js:1616)
	at <anonymous class>.RequestReader.prototype._processBody(file:///var/folders/nv/lhxgdb8x6zn4qwqv_7_fqm7r0000gn/T/anonymous5311186019541655115webdriver-profile/extensions/fxdriver@googlecode.com/components/httpd.js:1464)
	at <anonymous class>.RequestReader.prototype.onInputStreamReady(file:///var/folders/nv/lhxgdb8x6zn4qwqv_7_fqm7r0000gn/T/anonymous5311186019541655115webdriver-profile/extensions/fxdriver@googlecode.com/components/httpd.js:1333)
buyTicketsAsExistingCustomerByPaypal(com.cs.ui.test.CoreStoreSmokeTest)  Time elapsed: 6.025 sec  <<< FAILURE!
org.openqa.selenium.NoSuchWindowException: Window not found. The browser window may have been closed.
Command duration or timeout: 9 milliseconds
Build info: version: '2.37.1', revision: 'a7c61cbd68657e133ae96672cf995890bad2ee42', time: '2013-10-21 09:08:07'
System info: host: 'Shahiduls-MacBook-Pro.local', ip: '192.168.1.2', os.name: 'Mac OS X', os.arch: 'x86_64', os.version: '10.8.5', java.version: '1.7.0_40'
Session ID: 0b5f9c90-f9cb-6a46-8b07-9e99dd1f0f5c
Driver info: org.openqa.selenium.firefox.FirefoxDriver
Capabilities [{platform=MAC, databaseEnabled=true, cssSelectorsEnabled=true, javascriptEnabled=true, acceptSslCerts=true, handlesAlerts=true, browserName=firefox, browserConnectionEnabled=true, nativeEvents=false, webStorageEnabled=true, rotatable=false, locationContextEnabled=true, applicationCacheEnabled=true, takesScreenshot=true, version=25.0.1}]
	at sun.reflect.GeneratedConstructorAccessor13.newInstance(Unknown Source)
	at sun.reflect.DelegatingConstructorAccessorImpl.newInstance(DelegatingConstructorAccessorImpl.java:45)
	at java.lang.reflect.Constructor.newInstance(Constructor.java:526)
	at org.openqa.selenium.remote.ErrorHandler.createThrowable(ErrorHandler.java:193)
	at org.openqa.selenium.remote.ErrorHandler.throwIfResponseFailed(ErrorHandler.java:145)
	at org.openqa.selenium.remote.RemoteWebDriver.execute(RemoteWebDriver.java:554)
	at org.openqa.selenium.remote.RemoteWebDriver.findElement(RemoteWebDriver.java:307)
	at org.openqa.selenium.remote.RemoteWebDriver.findElementByName(RemoteWebDriver.java:380)
	at org.openqa.selenium.By$ByName.findElement(By.java:305)
	at org.openqa.selenium.remote.RemoteWebDriver.findElement(RemoteWebDriver.java:299)
	at com.cs.ui.test.Common.accessCodeHandle(Common.java:25)
	at com.cs.ui.test.Common.addTicketsToCart(Common.java:133)
	at com.cs.ui.test.CoreStoreSmokeTest.buyTicketsAsExistingCustomerByPaypal(CoreStoreSmokeTest.java:99)
Caused by: org.openqa.selenium.remote.ErrorHandler$UnknownServerException: Window not found. The browser window may have been closed.
Build info: version: '2.37.1', revision: 'a7c61cbd68657e133ae96672cf995890bad2ee42', time: '2013-10-21 09:08:07'
System info: host: 'Shahiduls-MacBook-Pro.local', ip: '192.168.1.2', os.name: 'Mac OS X', os.arch: 'x86_64', os.version: '10.8.5', java.version: '1.7.0_40'
Driver info: driver.version: unknown
	at <anonymous class>.nsCommandProcessor.prototype.execute(file:///var/folders/nv/lhxgdb8x6zn4qwqv_7_fqm7r0000gn/T/anonymous5311186019541655115webdriver-profile/extensions/fxdriver@googlecode.com/components/command_processor.js:10917)
	at <anonymous class>.Dispatcher.executeAs/<(file:///var/folders/nv/lhxgdb8x6zn4qwqv_7_fqm7r0000gn/T/anonymous5311186019541655115webdriver-profile/extensions/fxdriver@googlecode.com/components/driver_component.js:7722)
	at <anonymous class>.Resource.prototype.handle(file:///var/folders/nv/lhxgdb8x6zn4qwqv_7_fqm7r0000gn/T/anonymous5311186019541655115webdriver-profile/extensions/fxdriver@googlecode.com/components/driver_component.js:7868)
	at <anonymous class>.Dispatcher.prototype.dispatch(file:///var/folders/nv/lhxgdb8x6zn4qwqv_7_fqm7r0000gn/T/anonymous5311186019541655115webdriver-profile/extensions/fxdriver@googlecode.com/components/driver_component.js:7815)
	at <anonymous class>.WebDriverServer/<.handle(file:///var/folders/nv/lhxgdb8x6zn4qwqv_7_fqm7r0000gn/T/anonymous5311186019541655115webdriver-profile/extensions/fxdriver@googlecode.com/components/driver_component.js:10706)
	at <anonymous class>.createHandlerFunc/<(file:///var/folders/nv/lhxgdb8x6zn4qwqv_7_fqm7r0000gn/T/anonymous5311186019541655115webdriver-profile/extensions/fxdriver@googlecode.com/components/httpd.js:1935)
	at <anonymous class>.ServerHandler.prototype.handleResponse(file:///var/folders/nv/lhxgdb8x6zn4qwqv_7_fqm7r0000gn/T/anonymous5311186019541655115webdriver-profile/extensions/fxdriver@googlecode.com/components/httpd.js:2261)
	at <anonymous class>.Connection.prototype.process(file:///var/folders/nv/lhxgdb8x6zn4qwqv_7_fqm7r0000gn/T/anonymous5311186019541655115webdriver-profile/extensions/fxdriver@googlecode.com/components/httpd.js:1168)
	at <anonymous class>.RequestReader.prototype._handleResponse(file:///var/folders/nv/lhxgdb8x6zn4qwqv_7_fqm7r0000gn/T/anonymous5311186019541655115webdriver-profile/extensions/fxdriver@googlecode.com/components/httpd.js:1616)
	at <anonymous class>.RequestReader.prototype._processBody(file:///var/folders/nv/lhxgdb8x6zn4qwqv_7_fqm7r0000gn/T/anonymous5311186019541655115webdriver-profile/extensions/fxdriver@googlecode.com/components/httpd.js:1464)
	at <anonymous class>.RequestReader.prototype.onInputStreamReady(file:///var/folders/nv/lhxgdb8x6zn4qwqv_7_fqm7r0000gn/T/anonymous5311186019541655115webdriver-profile/extensions/fxdriver@googlecode.com/components/httpd.js:1333)
