<?xml version="1.0" encoding="UTF-8"?>
<testng-results skipped="0" failed="0" total="5" passed="5">
  <reporter-output>
  </reporter-output>
  <suite name="Parallel test runs" duration-ms="105698" started-at="2014-07-22T23:10:58Z" finished-at="2014-07-22T23:12:44Z">
    <groups>
    </groups>
    <test name="T_01" duration-ms="26953" started-at="2014-07-22T23:10:58Z" finished-at="2014-07-22T23:11:25Z">
      <class name="com.bit.parallel.test.Test01">
        <test-method status="PASS" signature="setUp()[pri:0, instance:com.bit.parallel.test.Test01@646229b3]" name="setUp" is-config="true" duration-ms="19941" started-at="2014-07-22T19:10:58Z" finished-at="2014-07-22T19:11:18Z">
          <reporter-output>
          </reporter-output>
        </test-method> <!-- setUp -->
        <test-method status="PASS" signature="testFacebook()[pri:0, instance:com.bit.parallel.test.Test01@646229b3]" name="testFacebook" duration-ms="6196" started-at="2014-07-22T19:11:18Z" finished-at="2014-07-22T19:11:24Z">
          <reporter-output>
          </reporter-output>
        </test-method> <!-- testFacebook -->
        <test-method status="PASS" signature="closeBrowser()[pri:0, instance:com.bit.parallel.test.Test01@646229b3]" name="closeBrowser" is-config="true" duration-ms="766" started-at="2014-07-22T19:11:24Z" finished-at="2014-07-22T19:11:25Z">
          <reporter-output>
          </reporter-output>
        </test-method> <!-- closeBrowser -->
      </class> <!-- com.bit.parallel.test.Test01 -->
    </test> <!-- T_01 -->
    <test name="T_02" duration-ms="46934" started-at="2014-07-22T23:10:58Z" finished-at="2014-07-22T23:11:45Z">
      <class name="com.bit.parallel.test.Test02">
        <test-method status="PASS" signature="setUp()[pri:0, instance:com.bit.parallel.test.Test02@173940bb]" name="setUp" is-config="true" duration-ms="37785" started-at="2014-07-22T19:10:58Z" finished-at="2014-07-22T19:11:36Z">
          <reporter-output>
          </reporter-output>
        </test-method> <!-- setUp -->
        <test-method status="PASS" signature="testTwitter()[pri:0, instance:com.bit.parallel.test.Test02@173940bb]" name="testTwitter" duration-ms="5165" started-at="2014-07-22T19:11:36Z" finished-at="2014-07-22T19:11:41Z">
          <reporter-output>
          </reporter-output>
        </test-method> <!-- testTwitter -->
        <test-method status="PASS" signature="closeBrowser()[pri:0, instance:com.bit.parallel.test.Test02@173940bb]" name="closeBrowser" is-config="true" duration-ms="3931" started-at="2014-07-22T19:11:41Z" finished-at="2014-07-22T19:11:45Z">
          <reporter-output>
          </reporter-output>
        </test-method> <!-- closeBrowser -->
      </class> <!-- com.bit.parallel.test.Test02 -->
    </test> <!-- T_02 -->
    <test name="T_03" duration-ms="45910" started-at="2014-07-22T23:11:25Z" finished-at="2014-07-22T23:12:11Z">
      <class name="com.bit.parallel.test.Test03">
        <test-method status="PASS" signature="setUp()[pri:0, instance:com.bit.parallel.test.Test03@571fd245]" name="setUp" is-config="true" duration-ms="35145" started-at="2014-07-22T19:11:25Z" finished-at="2014-07-22T19:12:00Z">
          <reporter-output>
          </reporter-output>
        </test-method> <!-- setUp -->
        <test-method status="PASS" signature="testLink3()[pri:0, instance:com.bit.parallel.test.Test03@571fd245]" name="testLink3" duration-ms="9907" started-at="2014-07-22T19:12:00Z" finished-at="2014-07-22T19:12:10Z">
          <reporter-output>
          </reporter-output>
        </test-method> <!-- testLink3 -->
        <test-method status="PASS" signature="closeBrowser()[pri:0, instance:com.bit.parallel.test.Test03@571fd245]" name="closeBrowser" is-config="true" duration-ms="848" started-at="2014-07-22T19:12:10Z" finished-at="2014-07-22T19:12:11Z">
          <reporter-output>
          </reporter-output>
        </test-method> <!-- closeBrowser -->
      </class> <!-- com.bit.parallel.test.Test03 -->
    </test> <!-- T_03 -->
    <test name="T_04" duration-ms="46603" started-at="2014-07-22T23:11:45Z" finished-at="2014-07-22T23:12:32Z">
      <class name="com.bit.parallel.test.Test04">
        <test-method status="PASS" signature="setUp()[pri:0, instance:com.bit.parallel.test.Test04@10d55478]" name="setUp" is-config="true" duration-ms="34421" started-at="2014-07-22T19:11:45Z" finished-at="2014-07-22T19:12:19Z">
          <reporter-output>
          </reporter-output>
        </test-method> <!-- setUp -->
        <test-method status="PASS" signature="testYahoo()[pri:0, instance:com.bit.parallel.test.Test04@10d55478]" name="testYahoo" duration-ms="10987" started-at="2014-07-22T19:12:19Z" finished-at="2014-07-22T19:12:30Z">
          <reporter-output>
          </reporter-output>
        </test-method> <!-- testYahoo -->
        <test-method status="PASS" signature="closeBrowser()[pri:0, instance:com.bit.parallel.test.Test04@10d55478]" name="closeBrowser" is-config="true" duration-ms="1188" started-at="2014-07-22T19:12:30Z" finished-at="2014-07-22T19:12:32Z">
          <reporter-output>
          </reporter-output>
        </test-method> <!-- closeBrowser -->
      </class> <!-- com.bit.parallel.test.Test04 -->
    </test> <!-- T_04 -->
    <test name="T_05" duration-ms="32667" started-at="2014-07-22T23:12:11Z" finished-at="2014-07-22T23:12:44Z">
      <class name="com.bit.parallel.test.Test05">
        <test-method status="PASS" signature="setUp()[pri:0, instance:com.bit.parallel.test.Test05@1e677aca]" name="setUp" is-config="true" duration-ms="28319" started-at="2014-07-22T19:12:11Z" finished-at="2014-07-22T19:12:39Z">
          <reporter-output>
          </reporter-output>
        </test-method> <!-- setUp -->
        <test-method status="PASS" signature="testBit()[pri:0, instance:com.bit.parallel.test.Test05@1e677aca]" name="testBit" duration-ms="3778" started-at="2014-07-22T19:12:39Z" finished-at="2014-07-22T19:12:43Z">
          <reporter-output>
          </reporter-output>
        </test-method> <!-- testBit -->
        <test-method status="PASS" signature="closeBrowser()[pri:0, instance:com.bit.parallel.test.Test05@1e677aca]" name="closeBrowser" is-config="true" duration-ms="566" started-at="2014-07-22T19:12:43Z" finished-at="2014-07-22T19:12:44Z">
          <reporter-output>
          </reporter-output>
        </test-method> <!-- closeBrowser -->
      </class> <!-- com.bit.parallel.test.Test05 -->
    </test> <!-- T_05 -->
  </suite> <!-- Parallel test runs -->
</testng-results>
