<?xml version="1.0" encoding="UTF-8"?>
<!-- Generated by org.testng.reporters.JUnitXMLReporter -->
<testsuite hostname="Shahiduls-MacBook-Pro.local" tests="5" failures="0" timestamp="24 Apr 2014 05:13:01 GMT" time="0.039" errors="0">
  <testcase name="login" time="0.006" classname="DemoTestNG"/>
  <testcase name="multiDataSet" time="0.001" classname="DemoTestNG"/>
  <testcase name="multiDataSet" time="0.001" classname="DemoTestNG"/>
  <testcase name="password" time="0.001" classname="DemoTestNG">
    <skipped/>
  </testcase> <!-- password -->
  <testcase name="sendMail" time="0.001" classname="DemoTestNG"/>
</testsuite>
